{"C:\\Users\\Win\\Desktop\\css\\rss\\react-2021q3\\react-2021q3\\react-testing\\CSSStub.js": {"path":"C:\\Users\\Win\\Desktop\\css\\rss\\react-2021q3\\react-2021q3\\react-testing\\CSSStub.js","statementMap":{"0":{"start":{"line":1,"column":0},"end":{"line":1,"column":20}}},"fnMap":{},"branchMap":{},"s":{"0":1},"f":{},"b":{},"_coverageSchema":"1a1c01bbd47fc00a2c39e90264f33305004495a9","hash":"6aba3f4c5785605f0d219a6913bf960135f60f2a"}
,"C:\\Users\\Win\\Desktop\\css\\rss\\react-2021q3\\react-2021q3\\react-testing\\src\\components\\App\\App.jsx": {"path":"C:\\Users\\Win\\Desktop\\css\\rss\\react-2021q3\\react-2021q3\\react-testing\\src\\components\\App\\App.jsx","statementMap":{"0":{"start":{"line":7,"column":12},"end":{"line":14,"column":1}},"1":{"start":{"line":8,"column":2},"end":{"line":13,"column":4}}},"fnMap":{"0":{"name":"(anonymous_0)","decl":{"start":{"line":7,"column":12},"end":{"line":7,"column":13}},"loc":{"start":{"line":7,"column":18},"end":{"line":14,"column":1}},"line":7}},"branchMap":{},"s":{"0":1,"1":1},"f":{"0":1},"b":{},"_coverageSchema":"1a1c01bbd47fc00a2c39e90264f33305004495a9","hash":"0da9cdfa7a663195b01d6176706f61f42041b91f"}
,"C:\\Users\\Win\\Desktop\\css\\rss\\react-2021q3\\react-2021q3\\react-testing\\src\\components\\AppRouter\\AppRouter.jsx": {"path":"C:\\Users\\Win\\Desktop\\css\\rss\\react-2021q3\\react-2021q3\\react-testing\\src\\components\\AppRouter\\AppRouter.jsx","statementMap":{"0":{"start":{"line":6,"column":18},"end":{"line":30,"column":1}},"1":{"start":{"line":7,"column":2},"end":{"line":29,"column":4}},"2":{"start":{"line":10,"column":8},"end":{"line":21,"column":16}},"3":{"start":{"line":12,"column":12},"end":{"line":19,"column":28}}},"fnMap":{"0":{"name":"(anonymous_0)","decl":{"start":{"line":6,"column":18},"end":{"line":6,"column":19}},"loc":{"start":{"line":6,"column":24},"end":{"line":30,"column":1}},"line":6},"1":{"name":"(anonymous_1)","decl":{"start":{"line":9,"column":18},"end":{"line":9,"column":19}},"loc":{"start":{"line":10,"column":8},"end":{"line":21,"column":16}},"line":10},"2":{"name":"(anonymous_2)","decl":{"start":{"line":11,"column":11},"end":{"line":11,"column":12}},"loc":{"start":{"line":12,"column":12},"end":{"line":19,"column":28}},"line":12}},"branchMap":{"0":{"loc":{"start":{"line":23,"column":7},"end":{"line":27,"column":14}},"type":"cond-expr","locations":[{"start":{"line":26,"column":8},"end":{"line":26,"column":30}},{"start":{"line":27,"column":10},"end":{"line":27,"column":14}}],"line":23},"1":{"loc":{"start":{"line":23,"column":7},"end":{"line":25,"column":58}},"type":"binary-expr","locations":[{"start":{"line":23,"column":7},"end":{"line":23,"column":39}},{"start":{"line":24,"column":6},"end":{"line":24,"column":43}},{"start":{"line":25,"column":6},"end":{"line":25,"column":58}}],"line":23}},"s":{"0":1,"1":1,"2":4,"3":4},"f":{"0":1,"1":4,"2":4},"b":{"0":[0,1],"1":[1,0,0]},"_coverageSchema":"1a1c01bbd47fc00a2c39e90264f33305004495a9","hash":"04e5ba8c85684a320fe7cb9e7c4e6a0dbc227225"}
,"C:\\Users\\Win\\Desktop\\css\\rss\\react-2021q3\\react-2021q3\\react-testing\\src\\components\\Card\\Card.jsx": {"path":"C:\\Users\\Win\\Desktop\\css\\rss\\react-2021q3\\react-2021q3\\react-testing\\src\\components\\Card\\Card.jsx","statementMap":{"0":{"start":{"line":6,"column":13},"end":{"line":37,"column":1}},"1":{"start":{"line":7,"column":12},"end":{"line":7,"column":64}},"2":{"start":{"line":7,"column":35},"end":{"line":7,"column":63}},"3":{"start":{"line":8,"column":15},"end":{"line":8,"column":54}},"4":{"start":{"line":8,"column":38},"end":{"line":8,"column":53}},"5":{"start":{"line":9,"column":23},"end":{"line":9,"column":27}},"6":{"start":{"line":10,"column":19},"end":{"line":35,"column":4}},"7":{"start":{"line":11,"column":17},"end":{"line":11,"column":65}},"8":{"start":{"line":12,"column":4},"end":{"line":34,"column":6}},"9":{"start":{"line":36,"column":2},"end":{"line":36,"column":49}}},"fnMap":{"0":{"name":"(anonymous_0)","decl":{"start":{"line":6,"column":13},"end":{"line":6,"column":14}},"loc":{"start":{"line":6,"column":19},"end":{"line":37,"column":1}},"line":6},"1":{"name":"(anonymous_1)","decl":{"start":{"line":7,"column":24},"end":{"line":7,"column":25}},"loc":{"start":{"line":7,"column":35},"end":{"line":7,"column":63}},"line":7},"2":{"name":"(anonymous_2)","decl":{"start":{"line":8,"column":27},"end":{"line":8,"column":28}},"loc":{"start":{"line":8,"column":38},"end":{"line":8,"column":53}},"line":8},"3":{"name":"(anonymous_3)","decl":{"start":{"line":10,"column":32},"end":{"line":10,"column":33}},"loc":{"start":{"line":10,"column":42},"end":{"line":35,"column":3}},"line":10}},"branchMap":{},"s":{"0":1,"1":0,"2":0,"3":0,"4":0,"5":0,"6":0,"7":0,"8":0,"9":0},"f":{"0":0,"1":0,"2":0,"3":0},"b":{},"_coverageSchema":"1a1c01bbd47fc00a2c39e90264f33305004495a9","hash":"4661dfe3149ded0cc0a65700edda75e7d9d78758"}
,"C:\\Users\\Win\\Desktop\\css\\rss\\react-2021q3\\react-2021q3\\react-testing\\src\\components\\DetailCard\\DetailCard.jsx": {"path":"C:\\Users\\Win\\Desktop\\css\\rss\\react-2021q3\\react-2021q3\\react-testing\\src\\components\\DetailCard\\DetailCard.jsx","statementMap":{"0":{"start":{"line":5,"column":19},"end":{"line":36,"column":1}},"1":{"start":{"line":6,"column":15},"end":{"line":6,"column":57}},"2":{"start":{"line":6,"column":38},"end":{"line":6,"column":56}},"3":{"start":{"line":7,"column":23},"end":{"line":7,"column":27}},"4":{"start":{"line":8,"column":18},"end":{"line":34,"column":4}},"5":{"start":{"line":9,"column":17},"end":{"line":9,"column":65}},"6":{"start":{"line":10,"column":4},"end":{"line":33,"column":6}},"7":{"start":{"line":35,"column":2},"end":{"line":35,"column":62}}},"fnMap":{"0":{"name":"(anonymous_0)","decl":{"start":{"line":5,"column":19},"end":{"line":5,"column":20}},"loc":{"start":{"line":5,"column":25},"end":{"line":36,"column":1}},"line":5},"1":{"name":"(anonymous_1)","decl":{"start":{"line":6,"column":27},"end":{"line":6,"column":28}},"loc":{"start":{"line":6,"column":38},"end":{"line":6,"column":56}},"line":6},"2":{"name":"(anonymous_2)","decl":{"start":{"line":8,"column":31},"end":{"line":8,"column":32}},"loc":{"start":{"line":8,"column":41},"end":{"line":34,"column":3}},"line":8}},"branchMap":{},"s":{"0":1,"1":0,"2":0,"3":0,"4":0,"5":0,"6":0,"7":0},"f":{"0":0,"1":0,"2":0},"b":{},"_coverageSchema":"1a1c01bbd47fc00a2c39e90264f33305004495a9","hash":"f42782f1590e60204f79a1a0d5b5efae57c3dd6b"}
,"C:\\Users\\Win\\Desktop\\css\\rss\\react-2021q3\\react-2021q3\\react-testing\\src\\components\\Header\\Header.jsx": {"path":"C:\\Users\\Win\\Desktop\\css\\rss\\react-2021q3\\react-2021q3\\react-testing\\src\\components\\Header\\Header.jsx","statementMap":{"0":{"start":{"line":5,"column":15},"end":{"line":24,"column":1}},"1":{"start":{"line":6,"column":2},"end":{"line":23,"column":4}}},"fnMap":{"0":{"name":"(anonymous_0)","decl":{"start":{"line":5,"column":15},"end":{"line":5,"column":16}},"loc":{"start":{"line":5,"column":21},"end":{"line":24,"column":1}},"line":5}},"branchMap":{},"s":{"0":1,"1":1},"f":{"0":1},"b":{},"_coverageSchema":"1a1c01bbd47fc00a2c39e90264f33305004495a9","hash":"1a555573e1a107ad8abc9f5cfa1794051462da37"}
,"C:\\Users\\Win\\Desktop\\css\\rss\\react-2021q3\\react-2021q3\\react-testing\\src\\components\\Pagination\\Pagination.jsx": {"path":"C:\\Users\\Win\\Desktop\\css\\rss\\react-2021q3\\react-2021q3\\react-testing\\src\\components\\Pagination\\Pagination.jsx","statementMap":{"0":{"start":{"line":10,"column":19},"end":{"line":164,"column":1}},"1":{"start":{"line":11,"column":15},"end":{"line":11,"column":57}},"2":{"start":{"line":11,"column":38},"end":{"line":11,"column":56}},"3":{"start":{"line":12,"column":14},"end":{"line":12,"column":64}},"4":{"start":{"line":12,"column":37},"end":{"line":12,"column":63}},"5":{"start":{"line":13,"column":16},"end":{"line":13,"column":63}},"6":{"start":{"line":13,"column":39},"end":{"line":13,"column":62}},"7":{"start":{"line":14,"column":14},"end":{"line":14,"column":63}},"8":{"start":{"line":14,"column":37},"end":{"line":14,"column":62}},"9":{"start":{"line":15,"column":19},"end":{"line":15,"column":32}},"10":{"start":{"line":16,"column":31},"end":{"line":16,"column":34}},"11":{"start":{"line":17,"column":22},"end":{"line":17,"column":24}},"12":{"start":{"line":18,"column":19},"end":{"line":18,"column":78}},"13":{"start":{"line":19,"column":21},"end":{"line":19,"column":47}},"14":{"start":{"line":20,"column":2},"end":{"line":22,"column":3}},"15":{"start":{"line":20,"column":15},"end":{"line":20,"column":16}},"16":{"start":{"line":21,"column":4},"end":{"line":21,"column":51}},"17":{"start":{"line":24,"column":19},"end":{"line":24,"column":32}},"18":{"start":{"line":25,"column":27},"end":{"line":25,"column":29}},"19":{"start":{"line":27,"column":2},"end":{"line":40,"column":3}},"20":{"start":{"line":29,"column":6},"end":{"line":29,"column":30}},"21":{"start":{"line":30,"column":6},"end":{"line":30,"column":12}},"22":{"start":{"line":32,"column":6},"end":{"line":32,"column":30}},"23":{"start":{"line":33,"column":6},"end":{"line":33,"column":12}},"24":{"start":{"line":35,"column":6},"end":{"line":35,"column":30}},"25":{"start":{"line":36,"column":6},"end":{"line":36,"column":12}},"26":{"start":{"line":38,"column":6},"end":{"line":38,"column":30}},"27":{"start":{"line":39,"column":6},"end":{"line":39,"column":12}},"28":{"start":{"line":42,"column":2},"end":{"line":46,"column":3}},"29":{"start":{"line":42,"column":15},"end":{"line":42,"column":16}},"30":{"start":{"line":43,"column":4},"end":{"line":45,"column":6}},"31":{"start":{"line":48,"column":30},"end":{"line":50,"column":3}},"32":{"start":{"line":49,"column":4},"end":{"line":49,"column":51}},"33":{"start":{"line":52,"column":23},"end":{"line":81,"column":3}},"34":{"start":{"line":53,"column":21},"end":{"line":79,"column":5}},"35":{"start":{"line":54,"column":6},"end":{"line":77,"column":7}},"36":{"start":{"line":55,"column":24},"end":{"line":55,"column":33}},"37":{"start":{"line":56,"column":25},"end":{"line":60,"column":9}},"38":{"start":{"line":57,"column":23},"end":{"line":57,"column":36}},"39":{"start":{"line":58,"column":30},"end":{"line":58,"column":51}},"40":{"start":{"line":58,"column":45},"end":{"line":58,"column":50}},"41":{"start":{"line":59,"column":10},"end":{"line":59,"column":29}},"42":{"start":{"line":61,"column":8},"end":{"line":61,"column":57}},"43":{"start":{"line":62,"column":8},"end":{"line":75,"column":9}},"44":{"start":{"line":63,"column":24},"end":{"line":73,"column":11}},"45":{"start":{"line":64,"column":25},"end":{"line":64,"column":38}},"46":{"start":{"line":65,"column":23},"end":{"line":65,"column":60}},"47":{"start":{"line":66,"column":32},"end":{"line":71,"column":14}},"48":{"start":{"line":67,"column":14},"end":{"line":69,"column":15}},"49":{"start":{"line":68,"column":16},"end":{"line":68,"column":28}},"50":{"start":{"line":70,"column":14},"end":{"line":70,"column":27}},"51":{"start":{"line":72,"column":12},"end":{"line":72,"column":31}},"52":{"start":{"line":74,"column":10},"end":{"line":74,"column":56}},"53":{"start":{"line":76,"column":8},"end":{"line":76,"column":23}},"54":{"start":{"line":78,"column":6},"end":{"line":78,"column":18}},"55":{"start":{"line":80,"column":4},"end":{"line":80,"column":43}},"56":{"start":{"line":83,"column":23},"end":{"line":112,"column":3}},"57":{"start":{"line":84,"column":21},"end":{"line":110,"column":5}},"58":{"start":{"line":85,"column":6},"end":{"line":108,"column":7}},"59":{"start":{"line":86,"column":24},"end":{"line":86,"column":33}},"60":{"start":{"line":87,"column":25},"end":{"line":91,"column":9}},"61":{"start":{"line":88,"column":23},"end":{"line":88,"column":36}},"62":{"start":{"line":89,"column":30},"end":{"line":89,"column":51}},"63":{"start":{"line":89,"column":45},"end":{"line":89,"column":50}},"64":{"start":{"line":90,"column":10},"end":{"line":90,"column":29}},"65":{"start":{"line":92,"column":8},"end":{"line":92,"column":57}},"66":{"start":{"line":93,"column":8},"end":{"line":106,"column":9}},"67":{"start":{"line":94,"column":24},"end":{"line":104,"column":11}},"68":{"start":{"line":95,"column":25},"end":{"line":95,"column":38}},"69":{"start":{"line":96,"column":23},"end":{"line":96,"column":60}},"70":{"start":{"line":97,"column":32},"end":{"line":102,"column":14}},"71":{"start":{"line":98,"column":14},"end":{"line":100,"column":15}},"72":{"start":{"line":99,"column":16},"end":{"line":99,"column":28}},"73":{"start":{"line":101,"column":14},"end":{"line":101,"column":27}},"74":{"start":{"line":103,"column":12},"end":{"line":103,"column":31}},"75":{"start":{"line":105,"column":10},"end":{"line":105,"column":56}},"76":{"start":{"line":107,"column":8},"end":{"line":107,"column":23}},"77":{"start":{"line":109,"column":6},"end":{"line":109,"column":18}},"78":{"start":{"line":111,"column":4},"end":{"line":111,"column":43}},"79":{"start":{"line":114,"column":35},"end":{"line":124,"column":3}},"80":{"start":{"line":115,"column":27},"end":{"line":115,"column":68}},"81":{"start":{"line":116,"column":4},"end":{"line":123,"column":5}},"82":{"start":{"line":117,"column":6},"end":{"line":117,"column":57}},"83":{"start":{"line":119,"column":6},"end":{"line":121,"column":8}},"84":{"start":{"line":122,"column":6},"end":{"line":122,"column":57}},"85":{"start":{"line":126,"column":2},"end":{"line":163,"column":4}}},"fnMap":{"0":{"name":"(anonymous_0)","decl":{"start":{"line":10,"column":19},"end":{"line":10,"column":20}},"loc":{"start":{"line":10,"column":25},"end":{"line":164,"column":1}},"line":10},"1":{"name":"(anonymous_1)","decl":{"start":{"line":11,"column":27},"end":{"line":11,"column":28}},"loc":{"start":{"line":11,"column":38},"end":{"line":11,"column":56}},"line":11},"2":{"name":"(anonymous_2)","decl":{"start":{"line":12,"column":26},"end":{"line":12,"column":27}},"loc":{"start":{"line":12,"column":37},"end":{"line":12,"column":63}},"line":12},"3":{"name":"(anonymous_3)","decl":{"start":{"line":13,"column":28},"end":{"line":13,"column":29}},"loc":{"start":{"line":13,"column":39},"end":{"line":13,"column":62}},"line":13},"4":{"name":"(anonymous_4)","decl":{"start":{"line":14,"column":26},"end":{"line":14,"column":27}},"loc":{"start":{"line":14,"column":37},"end":{"line":14,"column":62}},"line":14},"5":{"name":"(anonymous_5)","decl":{"start":{"line":48,"column":30},"end":{"line":48,"column":31}},"loc":{"start":{"line":48,"column":41},"end":{"line":50,"column":3}},"line":48},"6":{"name":"(anonymous_6)","decl":{"start":{"line":52,"column":23},"end":{"line":52,"column":24}},"loc":{"start":{"line":52,"column":34},"end":{"line":81,"column":3}},"line":52},"7":{"name":"(anonymous_7)","decl":{"start":{"line":53,"column":21},"end":{"line":53,"column":22}},"loc":{"start":{"line":53,"column":27},"end":{"line":79,"column":5}},"line":53},"8":{"name":"(anonymous_8)","decl":{"start":{"line":56,"column":25},"end":{"line":56,"column":26}},"loc":{"start":{"line":56,"column":39},"end":{"line":60,"column":9}},"line":56},"9":{"name":"(anonymous_9)","decl":{"start":{"line":58,"column":39},"end":{"line":58,"column":40}},"loc":{"start":{"line":58,"column":45},"end":{"line":58,"column":50}},"line":58},"10":{"name":"(anonymous_10)","decl":{"start":{"line":63,"column":24},"end":{"line":63,"column":25}},"loc":{"start":{"line":63,"column":38},"end":{"line":73,"column":11}},"line":63},"11":{"name":"(anonymous_11)","decl":{"start":{"line":66,"column":41},"end":{"line":66,"column":42}},"loc":{"start":{"line":66,"column":58},"end":{"line":71,"column":13}},"line":66},"12":{"name":"(anonymous_12)","decl":{"start":{"line":83,"column":23},"end":{"line":83,"column":24}},"loc":{"start":{"line":83,"column":34},"end":{"line":112,"column":3}},"line":83},"13":{"name":"(anonymous_13)","decl":{"start":{"line":84,"column":21},"end":{"line":84,"column":22}},"loc":{"start":{"line":84,"column":27},"end":{"line":110,"column":5}},"line":84},"14":{"name":"(anonymous_14)","decl":{"start":{"line":87,"column":25},"end":{"line":87,"column":26}},"loc":{"start":{"line":87,"column":39},"end":{"line":91,"column":9}},"line":87},"15":{"name":"(anonymous_15)","decl":{"start":{"line":89,"column":39},"end":{"line":89,"column":40}},"loc":{"start":{"line":89,"column":45},"end":{"line":89,"column":50}},"line":89},"16":{"name":"(anonymous_16)","decl":{"start":{"line":94,"column":24},"end":{"line":94,"column":25}},"loc":{"start":{"line":94,"column":38},"end":{"line":104,"column":11}},"line":94},"17":{"name":"(anonymous_17)","decl":{"start":{"line":97,"column":41},"end":{"line":97,"column":42}},"loc":{"start":{"line":97,"column":58},"end":{"line":102,"column":13}},"line":97},"18":{"name":"(anonymous_18)","decl":{"start":{"line":114,"column":35},"end":{"line":114,"column":36}},"loc":{"start":{"line":114,"column":46},"end":{"line":124,"column":3}},"line":114}},"branchMap":{"0":{"loc":{"start":{"line":18,"column":19},"end":{"line":18,"column":78}},"type":"cond-expr","locations":[{"start":{"line":18,"column":50},"end":{"line":18,"column":70}},{"start":{"line":18,"column":73},"end":{"line":18,"column":78}}],"line":18},"1":{"loc":{"start":{"line":27,"column":2},"end":{"line":40,"column":3}},"type":"switch","locations":[{"start":{"line":28,"column":4},"end":{"line":30,"column":12}},{"start":{"line":31,"column":4},"end":{"line":33,"column":12}},{"start":{"line":34,"column":4},"end":{"line":36,"column":12}},{"start":{"line":37,"column":4},"end":{"line":39,"column":12}}],"line":27},"2":{"loc":{"start":{"line":54,"column":6},"end":{"line":77,"column":7}},"type":"if","locations":[{"start":{"line":54,"column":6},"end":{"line":77,"column":7}},{"start":{"line":54,"column":6},"end":{"line":77,"column":7}}],"line":54},"3":{"loc":{"start":{"line":62,"column":8},"end":{"line":75,"column":9}},"type":"if","locations":[{"start":{"line":62,"column":8},"end":{"line":75,"column":9}},{"start":{"line":62,"column":8},"end":{"line":75,"column":9}}],"line":62},"4":{"loc":{"start":{"line":67,"column":14},"end":{"line":69,"column":15}},"type":"if","locations":[{"start":{"line":67,"column":14},"end":{"line":69,"column":15}},{"start":{"line":67,"column":14},"end":{"line":69,"column":15}}],"line":67},"5":{"loc":{"start":{"line":85,"column":6},"end":{"line":108,"column":7}},"type":"if","locations":[{"start":{"line":85,"column":6},"end":{"line":108,"column":7}},{"start":{"line":85,"column":6},"end":{"line":108,"column":7}}],"line":85},"6":{"loc":{"start":{"line":93,"column":8},"end":{"line":106,"column":9}},"type":"if","locations":[{"start":{"line":93,"column":8},"end":{"line":106,"column":9}},{"start":{"line":93,"column":8},"end":{"line":106,"column":9}}],"line":93},"7":{"loc":{"start":{"line":98,"column":14},"end":{"line":100,"column":15}},"type":"if","locations":[{"start":{"line":98,"column":14},"end":{"line":100,"column":15}},{"start":{"line":98,"column":14},"end":{"line":100,"column":15}}],"line":98},"8":{"loc":{"start":{"line":116,"column":4},"end":{"line":123,"column":5}},"type":"if","locations":[{"start":{"line":116,"column":4},"end":{"line":123,"column":5}},{"start":{"line":116,"column":4},"end":{"line":123,"column":5}}],"line":116}},"s":{"0":1,"1":0,"2":0,"3":0,"4":0,"5":0,"6":0,"7":0,"8":0,"9":0,"10":0,"11":0,"12":0,"13":0,"14":0,"15":0,"16":0,"17":0,"18":0,"19":0,"20":0,"21":0,"22":0,"23":0,"24":0,"25":0,"26":0,"27":0,"28":0,"29":0,"30":0,"31":0,"32":0,"33":0,"34":0,"35":0,"36":0,"37":0,"38":0,"39":0,"40":0,"41":0,"42":0,"43":0,"44":0,"45":0,"46":0,"47":0,"48":0,"49":0,"50":0,"51":0,"52":0,"53":0,"54":0,"55":0,"56":0,"57":0,"58":0,"59":0,"60":0,"61":0,"62":0,"63":0,"64":0,"65":0,"66":0,"67":0,"68":0,"69":0,"70":0,"71":0,"72":0,"73":0,"74":0,"75":0,"76":0,"77":0,"78":0,"79":0,"80":0,"81":0,"82":0,"83":0,"84":0,"85":0},"f":{"0":0,"1":0,"2":0,"3":0,"4":0,"5":0,"6":0,"7":0,"8":0,"9":0,"10":0,"11":0,"12":0,"13":0,"14":0,"15":0,"16":0,"17":0,"18":0},"b":{"0":[0,0],"1":[0,0,0,0],"2":[0,0],"3":[0,0],"4":[0,0],"5":[0,0],"6":[0,0],"7":[0,0],"8":[0,0]},"_coverageSchema":"1a1c01bbd47fc00a2c39e90264f33305004495a9","hash":"31f1cb76846d6293395d32cd2f97c739ca8d53f1"}
,"C:\\Users\\Win\\Desktop\\css\\rss\\react-2021q3\\react-2021q3\\react-testing\\src\\components\\SearchBar\\SearchBar.jsx": {"path":"C:\\Users\\Win\\Desktop\\css\\rss\\react-2021q3\\react-2021q3\\react-testing\\src\\components\\SearchBar\\SearchBar.jsx","statementMap":{"0":{"start":{"line":11,"column":18},"end":{"line":55,"column":1}},"1":{"start":{"line":12,"column":19},"end":{"line":12,"column":32}},"2":{"start":{"line":13,"column":22},"end":{"line":13,"column":76}},"3":{"start":{"line":13,"column":45},"end":{"line":13,"column":75}},"4":{"start":{"line":14,"column":22},"end":{"line":16,"column":3}},"5":{"start":{"line":15,"column":15},"end":{"line":15,"column":51}},"6":{"start":{"line":18,"column":26},"end":{"line":25,"column":3}},"7":{"start":{"line":19,"column":4},"end":{"line":19,"column":27}},"8":{"start":{"line":20,"column":4},"end":{"line":24,"column":5}},"9":{"start":{"line":21,"column":6},"end":{"line":21,"column":54}},"10":{"start":{"line":22,"column":6},"end":{"line":22,"column":55}},"11":{"start":{"line":23,"column":6},"end":{"line":23,"column":42}},"12":{"start":{"line":27,"column":30},"end":{"line":30,"column":3}},"13":{"start":{"line":28,"column":4},"end":{"line":28,"column":61}},"14":{"start":{"line":29,"column":4},"end":{"line":29,"column":54}},"15":{"start":{"line":32,"column":2},"end":{"line":54,"column":4}}},"fnMap":{"0":{"name":"(anonymous_0)","decl":{"start":{"line":11,"column":18},"end":{"line":11,"column":19}},"loc":{"start":{"line":11,"column":24},"end":{"line":55,"column":1}},"line":11},"1":{"name":"(anonymous_1)","decl":{"start":{"line":13,"column":34},"end":{"line":13,"column":35}},"loc":{"start":{"line":13,"column":45},"end":{"line":13,"column":75}},"line":13},"2":{"name":"(anonymous_2)","decl":{"start":{"line":15,"column":4},"end":{"line":15,"column":5}},"loc":{"start":{"line":15,"column":15},"end":{"line":15,"column":51}},"line":15},"3":{"name":"(anonymous_3)","decl":{"start":{"line":18,"column":26},"end":{"line":18,"column":27}},"loc":{"start":{"line":18,"column":37},"end":{"line":25,"column":3}},"line":18},"4":{"name":"(anonymous_4)","decl":{"start":{"line":27,"column":30},"end":{"line":27,"column":31}},"loc":{"start":{"line":27,"column":41},"end":{"line":30,"column":3}},"line":27}},"branchMap":{"0":{"loc":{"start":{"line":20,"column":4},"end":{"line":24,"column":5}},"type":"if","locations":[{"start":{"line":20,"column":4},"end":{"line":24,"column":5}},{"start":{"line":20,"column":4},"end":{"line":24,"column":5}}],"line":20}},"s":{"0":1,"1":1,"2":1,"3":2,"4":1,"5":2,"6":1,"7":0,"8":0,"9":0,"10":0,"11":0,"12":1,"13":0,"14":0,"15":1},"f":{"0":1,"1":2,"2":2,"3":0,"4":0},"b":{"0":[0,0]},"_coverageSchema":"1a1c01bbd47fc00a2c39e90264f33305004495a9","hash":"619e9b730b11fa8019f437d1cd9dc96c28592219"}
,"C:\\Users\\Win\\Desktop\\css\\rss\\react-2021q3\\react-2021q3\\react-testing\\src\\components\\Sort\\Sort.jsx": {"path":"C:\\Users\\Win\\Desktop\\css\\rss\\react-2021q3\\react-2021q3\\react-testing\\src\\components\\Sort\\Sort.jsx","statementMap":{"0":{"start":{"line":9,"column":13},"end":{"line":67,"column":1}},"1":{"start":{"line":10,"column":19},"end":{"line":10,"column":32}},"2":{"start":{"line":11,"column":20},"end":{"line":11,"column":71}},"3":{"start":{"line":11,"column":43},"end":{"line":11,"column":70}},"4":{"start":{"line":13,"column":21},"end":{"line":29,"column":3}},"5":{"start":{"line":14,"column":23},"end":{"line":14,"column":28}},"6":{"start":{"line":15,"column":25},"end":{"line":25,"column":5}},"7":{"start":{"line":16,"column":19},"end":{"line":16,"column":29}},"8":{"start":{"line":17,"column":26},"end":{"line":17,"column":47}},"9":{"start":{"line":17,"column":41},"end":{"line":17,"column":46}},"10":{"start":{"line":18,"column":23},"end":{"line":23,"column":8}},"11":{"start":{"line":19,"column":8},"end":{"line":21,"column":9}},"12":{"start":{"line":20,"column":10},"end":{"line":20,"column":22}},"13":{"start":{"line":22,"column":8},"end":{"line":22,"column":20}},"14":{"start":{"line":24,"column":6},"end":{"line":24,"column":22}},"15":{"start":{"line":26,"column":4},"end":{"line":26,"column":65}},"16":{"start":{"line":27,"column":4},"end":{"line":27,"column":42}},"17":{"start":{"line":28,"column":4},"end":{"line":28,"column":35}},"18":{"start":{"line":31,"column":22},"end":{"line":31,"column":50}},"19":{"start":{"line":31,"column":33},"end":{"line":31,"column":50}},"20":{"start":{"line":32,"column":25},"end":{"line":35,"column":3}},"21":{"start":{"line":33,"column":4},"end":{"line":33,"column":38}},"22":{"start":{"line":33,"column":31},"end":{"line":33,"column":38}},"23":{"start":{"line":34,"column":4},"end":{"line":34,"column":22}},"24":{"start":{"line":37,"column":2},"end":{"line":66,"column":4}}},"fnMap":{"0":{"name":"(anonymous_0)","decl":{"start":{"line":9,"column":13},"end":{"line":9,"column":14}},"loc":{"start":{"line":9,"column":19},"end":{"line":67,"column":1}},"line":9},"1":{"name":"(anonymous_1)","decl":{"start":{"line":11,"column":32},"end":{"line":11,"column":33}},"loc":{"start":{"line":11,"column":43},"end":{"line":11,"column":70}},"line":11},"2":{"name":"(anonymous_2)","decl":{"start":{"line":13,"column":21},"end":{"line":13,"column":22}},"loc":{"start":{"line":13,"column":32},"end":{"line":29,"column":3}},"line":13},"3":{"name":"(anonymous_3)","decl":{"start":{"line":15,"column":25},"end":{"line":15,"column":26}},"loc":{"start":{"line":15,"column":36},"end":{"line":25,"column":5}},"line":15},"4":{"name":"(anonymous_4)","decl":{"start":{"line":17,"column":35},"end":{"line":17,"column":36}},"loc":{"start":{"line":17,"column":41},"end":{"line":17,"column":46}},"line":17},"5":{"name":"(anonymous_5)","decl":{"start":{"line":18,"column":39},"end":{"line":18,"column":40}},"loc":{"start":{"line":18,"column":56},"end":{"line":23,"column":7}},"line":18},"6":{"name":"(anonymous_6)","decl":{"start":{"line":31,"column":22},"end":{"line":31,"column":23}},"loc":{"start":{"line":31,"column":33},"end":{"line":31,"column":50}},"line":31},"7":{"name":"(anonymous_7)","decl":{"start":{"line":32,"column":25},"end":{"line":32,"column":26}},"loc":{"start":{"line":32,"column":36},"end":{"line":35,"column":3}},"line":32}},"branchMap":{"0":{"loc":{"start":{"line":19,"column":8},"end":{"line":21,"column":9}},"type":"if","locations":[{"start":{"line":19,"column":8},"end":{"line":21,"column":9}},{"start":{"line":19,"column":8},"end":{"line":21,"column":9}}],"line":19},"1":{"loc":{"start":{"line":33,"column":4},"end":{"line":33,"column":38}},"type":"if","locations":[{"start":{"line":33,"column":4},"end":{"line":33,"column":38}},{"start":{"line":33,"column":4},"end":{"line":33,"column":38}}],"line":33},"2":{"loc":{"start":{"line":45,"column":33},"end":{"line":45,"column":61}},"type":"cond-expr","locations":[{"start":{"line":45,"column":48},"end":{"line":45,"column":56}},{"start":{"line":45,"column":59},"end":{"line":45,"column":61}}],"line":45},"3":{"loc":{"start":{"line":52,"column":33},"end":{"line":52,"column":61}},"type":"cond-expr","locations":[{"start":{"line":52,"column":48},"end":{"line":52,"column":56}},{"start":{"line":52,"column":59},"end":{"line":52,"column":61}}],"line":52},"4":{"loc":{"start":{"line":59,"column":33},"end":{"line":59,"column":61}},"type":"cond-expr","locations":[{"start":{"line":59,"column":48},"end":{"line":59,"column":56}},{"start":{"line":59,"column":59},"end":{"line":59,"column":61}}],"line":59}},"s":{"0":1,"1":0,"2":0,"3":0,"4":0,"5":0,"6":0,"7":0,"8":0,"9":0,"10":0,"11":0,"12":0,"13":0,"14":0,"15":0,"16":0,"17":0,"18":0,"19":0,"20":0,"21":0,"22":0,"23":0,"24":0},"f":{"0":0,"1":0,"2":0,"3":0,"4":0,"5":0,"6":0,"7":0},"b":{"0":[0,0],"1":[0,0],"2":[0,0],"3":[0,0],"4":[0,0]},"_coverageSchema":"1a1c01bbd47fc00a2c39e90264f33305004495a9","hash":"806817e1447de95221875a4cb14a16e2896c71f3"}
,"C:\\Users\\Win\\Desktop\\css\\rss\\react-2021q3\\react-2021q3\\react-testing\\src\\components\\Spinner\\Spinner.jsx": {"path":"C:\\Users\\Win\\Desktop\\css\\rss\\react-2021q3\\react-2021q3\\react-testing\\src\\components\\Spinner\\Spinner.jsx","statementMap":{"0":{"start":{"line":4,"column":16},"end":{"line":17,"column":1}},"1":{"start":{"line":5,"column":2},"end":{"line":16,"column":4}}},"fnMap":{"0":{"name":"(anonymous_0)","decl":{"start":{"line":4,"column":16},"end":{"line":4,"column":17}},"loc":{"start":{"line":4,"column":22},"end":{"line":17,"column":1}},"line":4}},"branchMap":{},"s":{"0":1,"1":0},"f":{"0":0},"b":{},"_coverageSchema":"1a1c01bbd47fc00a2c39e90264f33305004495a9","hash":"9f78a5fc61b3b1225ff8040651c0d74c4db4ef1b"}
,"C:\\Users\\Win\\Desktop\\css\\rss\\react-2021q3\\react-2021q3\\react-testing\\src\\pages\\About\\About.jsx": {"path":"C:\\Users\\Win\\Desktop\\css\\rss\\react-2021q3\\react-2021q3\\react-testing\\src\\pages\\About\\About.jsx","statementMap":{"0":{"start":{"line":4,"column":14},"end":{"line":8,"column":1}},"1":{"start":{"line":5,"column":2},"end":{"line":7,"column":8}}},"fnMap":{"0":{"name":"(anonymous_0)","decl":{"start":{"line":4,"column":14},"end":{"line":4,"column":15}},"loc":{"start":{"line":5,"column":2},"end":{"line":7,"column":8}},"line":5}},"branchMap":{},"s":{"0":1,"1":0},"f":{"0":0},"b":{},"_coverageSchema":"1a1c01bbd47fc00a2c39e90264f33305004495a9","hash":"64b0c56d070de58d717b13406ec79870b2132bea"}
,"C:\\Users\\Win\\Desktop\\css\\rss\\react-2021q3\\react-2021q3\\react-testing\\src\\pages\\Details\\Details.jsx": {"path":"C:\\Users\\Win\\Desktop\\css\\rss\\react-2021q3\\react-2021q3\\react-testing\\src\\pages\\Details\\Details.jsx","statementMap":{"0":{"start":{"line":9,"column":16},"end":{"line":29,"column":1}},"1":{"start":{"line":10,"column":19},"end":{"line":10,"column":32}},"2":{"start":{"line":11,"column":15},"end":{"line":11,"column":57}},"3":{"start":{"line":11,"column":38},"end":{"line":11,"column":56}},"4":{"start":{"line":12,"column":15},"end":{"line":12,"column":57}},"5":{"start":{"line":12,"column":38},"end":{"line":12,"column":56}},"6":{"start":{"line":13,"column":18},"end":{"line":13,"column":63}},"7":{"start":{"line":13,"column":41},"end":{"line":13,"column":62}},"8":{"start":{"line":14,"column":21},"end":{"line":14,"column":34}},"9":{"start":{"line":15,"column":17},"end":{"line":15,"column":28}},"10":{"start":{"line":16,"column":16},"end":{"line":16,"column":41}},"11":{"start":{"line":18,"column":2},"end":{"line":20,"column":9}},"12":{"start":{"line":19,"column":4},"end":{"line":19,"column":47}},"13":{"start":{"line":22,"column":15},"end":{"line":22,"column":53}},"14":{"start":{"line":24,"column":2},"end":{"line":28,"column":4}}},"fnMap":{"0":{"name":"(anonymous_0)","decl":{"start":{"line":9,"column":16},"end":{"line":9,"column":17}},"loc":{"start":{"line":9,"column":22},"end":{"line":29,"column":1}},"line":9},"1":{"name":"(anonymous_1)","decl":{"start":{"line":11,"column":27},"end":{"line":11,"column":28}},"loc":{"start":{"line":11,"column":38},"end":{"line":11,"column":56}},"line":11},"2":{"name":"(anonymous_2)","decl":{"start":{"line":12,"column":27},"end":{"line":12,"column":28}},"loc":{"start":{"line":12,"column":38},"end":{"line":12,"column":56}},"line":12},"3":{"name":"(anonymous_3)","decl":{"start":{"line":13,"column":30},"end":{"line":13,"column":31}},"loc":{"start":{"line":13,"column":41},"end":{"line":13,"column":62}},"line":13},"4":{"name":"(anonymous_4)","decl":{"start":{"line":18,"column":12},"end":{"line":18,"column":13}},"loc":{"start":{"line":18,"column":18},"end":{"line":20,"column":3}},"line":18}},"branchMap":{"0":{"loc":{"start":{"line":22,"column":15},"end":{"line":22,"column":53}},"type":"cond-expr","locations":[{"start":{"line":22,"column":25},"end":{"line":22,"column":36}},{"start":{"line":22,"column":39},"end":{"line":22,"column":53}}],"line":22},"1":{"loc":{"start":{"line":26,"column":7},"end":{"line":26,"column":59}},"type":"cond-expr","locations":[{"start":{"line":26,"column":47},"end":{"line":26,"column":52}},{"start":{"line":26,"column":55},"end":{"line":26,"column":59}}],"line":26},"2":{"loc":{"start":{"line":26,"column":7},"end":{"line":26,"column":44}},"type":"binary-expr","locations":[{"start":{"line":26,"column":7},"end":{"line":26,"column":32}},{"start":{"line":26,"column":36},"end":{"line":26,"column":44}}],"line":26}},"s":{"0":1,"1":0,"2":0,"3":0,"4":0,"5":0,"6":0,"7":0,"8":0,"9":0,"10":0,"11":0,"12":0,"13":0,"14":0},"f":{"0":0,"1":0,"2":0,"3":0,"4":0},"b":{"0":[0,0],"1":[0,0],"2":[0,0]},"_coverageSchema":"1a1c01bbd47fc00a2c39e90264f33305004495a9","hash":"c0d653b32e626353d3b5ec36c5bc9567adc2d5bf"}
,"C:\\Users\\Win\\Desktop\\css\\rss\\react-2021q3\\react-2021q3\\react-testing\\src\\pages\\Home\\Home.jsx": {"path":"C:\\Users\\Win\\Desktop\\css\\rss\\react-2021q3\\react-2021q3\\react-testing\\src\\pages\\Home\\Home.jsx","statementMap":{"0":{"start":{"line":10,"column":13},"end":{"line":43,"column":1}},"1":{"start":{"line":11,"column":19},"end":{"line":11,"column":32}},"2":{"start":{"line":12,"column":15},"end":{"line":12,"column":57}},"3":{"start":{"line":12,"column":38},"end":{"line":12,"column":56}},"4":{"start":{"line":13,"column":23},"end":{"line":13,"column":75}},"5":{"start":{"line":13,"column":46},"end":{"line":13,"column":74}},"6":{"start":{"line":14,"column":23},"end":{"line":14,"column":73}},"7":{"start":{"line":14,"column":46},"end":{"line":14,"column":72}},"8":{"start":{"line":15,"column":15},"end":{"line":15,"column":57}},"9":{"start":{"line":15,"column":38},"end":{"line":15,"column":56}},"10":{"start":{"line":16,"column":15},"end":{"line":16,"column":54}},"11":{"start":{"line":16,"column":38},"end":{"line":16,"column":53}},"12":{"start":{"line":17,"column":18},"end":{"line":17,"column":60}},"13":{"start":{"line":17,"column":41},"end":{"line":17,"column":59}},"14":{"start":{"line":18,"column":16},"end":{"line":18,"column":56}},"15":{"start":{"line":18,"column":39},"end":{"line":18,"column":55}},"16":{"start":{"line":20,"column":2},"end":{"line":22,"column":63}},"17":{"start":{"line":21,"column":4},"end":{"line":21,"column":71}},"18":{"start":{"line":24,"column":15},"end":{"line":24,"column":47}},"19":{"start":{"line":26,"column":20},"end":{"line":32,"column":3}},"20":{"start":{"line":34,"column":26},"end":{"line":34,"column":56}},"21":{"start":{"line":35,"column":2},"end":{"line":42,"column":4}}},"fnMap":{"0":{"name":"(anonymous_0)","decl":{"start":{"line":10,"column":13},"end":{"line":10,"column":14}},"loc":{"start":{"line":10,"column":19},"end":{"line":43,"column":1}},"line":10},"1":{"name":"(anonymous_1)","decl":{"start":{"line":12,"column":27},"end":{"line":12,"column":28}},"loc":{"start":{"line":12,"column":38},"end":{"line":12,"column":56}},"line":12},"2":{"name":"(anonymous_2)","decl":{"start":{"line":13,"column":35},"end":{"line":13,"column":36}},"loc":{"start":{"line":13,"column":46},"end":{"line":13,"column":74}},"line":13},"3":{"name":"(anonymous_3)","decl":{"start":{"line":14,"column":35},"end":{"line":14,"column":36}},"loc":{"start":{"line":14,"column":46},"end":{"line":14,"column":72}},"line":14},"4":{"name":"(anonymous_4)","decl":{"start":{"line":15,"column":27},"end":{"line":15,"column":28}},"loc":{"start":{"line":15,"column":38},"end":{"line":15,"column":56}},"line":15},"5":{"name":"(anonymous_5)","decl":{"start":{"line":16,"column":27},"end":{"line":16,"column":28}},"loc":{"start":{"line":16,"column":38},"end":{"line":16,"column":53}},"line":16},"6":{"name":"(anonymous_6)","decl":{"start":{"line":17,"column":30},"end":{"line":17,"column":31}},"loc":{"start":{"line":17,"column":41},"end":{"line":17,"column":59}},"line":17},"7":{"name":"(anonymous_7)","decl":{"start":{"line":18,"column":28},"end":{"line":18,"column":29}},"loc":{"start":{"line":18,"column":39},"end":{"line":18,"column":55}},"line":18},"8":{"name":"(anonymous_8)","decl":{"start":{"line":20,"column":12},"end":{"line":20,"column":13}},"loc":{"start":{"line":20,"column":18},"end":{"line":22,"column":3}},"line":20}},"branchMap":{"0":{"loc":{"start":{"line":24,"column":15},"end":{"line":24,"column":47}},"type":"cond-expr","locations":[{"start":{"line":24,"column":25},"end":{"line":24,"column":36}},{"start":{"line":24,"column":39},"end":{"line":24,"column":47}}],"line":24},"1":{"loc":{"start":{"line":26,"column":20},"end":{"line":32,"column":3}},"type":"cond-expr","locations":[{"start":{"line":27,"column":4},"end":{"line":27,"column":12}},{"start":{"line":29,"column":4},"end":{"line":31,"column":8}}],"line":26},"2":{"loc":{"start":{"line":34,"column":26},"end":{"line":34,"column":56}},"type":"cond-expr","locations":[{"start":{"line":34,"column":34},"end":{"line":34,"column":48}},{"start":{"line":34,"column":51},"end":{"line":34,"column":56}}],"line":34},"3":{"loc":{"start":{"line":38,"column":7},"end":{"line":38,"column":62}},"type":"cond-expr","locations":[{"start":{"line":38,"column":45},"end":{"line":38,"column":50}},{"start":{"line":38,"column":53},"end":{"line":38,"column":62}}],"line":38},"4":{"loc":{"start":{"line":38,"column":7},"end":{"line":38,"column":42}},"type":"binary-expr","locations":[{"start":{"line":38,"column":7},"end":{"line":38,"column":32}},{"start":{"line":38,"column":36},"end":{"line":38,"column":42}}],"line":38},"5":{"loc":{"start":{"line":39,"column":7},"end":{"line":39,"column":59}},"type":"cond-expr","locations":[{"start":{"line":39,"column":47},"end":{"line":39,"column":52}},{"start":{"line":39,"column":55},"end":{"line":39,"column":59}}],"line":39},"6":{"loc":{"start":{"line":39,"column":7},"end":{"line":39,"column":44}},"type":"binary-expr","locations":[{"start":{"line":39,"column":7},"end":{"line":39,"column":32}},{"start":{"line":39,"column":36},"end":{"line":39,"column":44}}],"line":39},"7":{"loc":{"start":{"line":40,"column":7},"end":{"line":40,"column":68}},"type":"cond-expr","locations":[{"start":{"line":40,"column":45},"end":{"line":40,"column":50}},{"start":{"line":40,"column":53},"end":{"line":40,"column":68}}],"line":40},"8":{"loc":{"start":{"line":40,"column":7},"end":{"line":40,"column":42}},"type":"binary-expr","locations":[{"start":{"line":40,"column":7},"end":{"line":40,"column":32}},{"start":{"line":40,"column":36},"end":{"line":40,"column":42}}],"line":40}},"s":{"0":1,"1":1,"2":1,"3":2,"4":1,"5":2,"6":1,"7":2,"8":1,"9":2,"10":1,"11":2,"12":1,"13":2,"14":1,"15":2,"16":1,"17":0,"18":1,"19":1,"20":1,"21":1},"f":{"0":1,"1":2,"2":2,"3":2,"4":2,"5":2,"6":2,"7":2,"8":0},"b":{"0":[0,1],"1":[0,1],"2":[0,1],"3":[1,0],"4":[1,1],"5":[1,0],"6":[1,1],"7":[1,0],"8":[1,1]},"_coverageSchema":"1a1c01bbd47fc00a2c39e90264f33305004495a9","hash":"c7ba42c71afa33818bdb0ffa29ea0c2333b42a78"}
,"C:\\Users\\Win\\Desktop\\css\\rss\\react-2021q3\\react-2021q3\\react-testing\\src\\pages\\NotFound\\NotFound.jsx": {"path":"C:\\Users\\Win\\Desktop\\css\\rss\\react-2021q3\\react-2021q3\\react-testing\\src\\pages\\NotFound\\NotFound.jsx","statementMap":{"0":{"start":{"line":4,"column":17},"end":{"line":9,"column":1}},"1":{"start":{"line":5,"column":2},"end":{"line":8,"column":8}}},"fnMap":{"0":{"name":"(anonymous_0)","decl":{"start":{"line":4,"column":17},"end":{"line":4,"column":18}},"loc":{"start":{"line":5,"column":2},"end":{"line":8,"column":8}},"line":5}},"branchMap":{},"s":{"0":1,"1":0},"f":{"0":0},"b":{},"_coverageSchema":"1a1c01bbd47fc00a2c39e90264f33305004495a9","hash":"c90ab00c38571e6f9cba6f2881ca4bca552c12d8"}
,"C:\\Users\\Win\\Desktop\\css\\rss\\react-2021q3\\react-2021q3\\react-testing\\src\\router\\index.js": {"path":"C:\\Users\\Win\\Desktop\\css\\rss\\react-2021q3\\react-2021q3\\react-testing\\src\\router\\index.js","statementMap":{"0":{"start":{"line":6,"column":22},"end":{"line":11,"column":1}}},"fnMap":{},"branchMap":{},"s":{"0":1},"f":{},"b":{},"_coverageSchema":"1a1c01bbd47fc00a2c39e90264f33305004495a9","hash":"6fc3f7d961564fb89704ba61b1bc5acc956c9484"}
,"C:\\Users\\Win\\Desktop\\css\\rss\\react-2021q3\\react-2021q3\\react-testing\\src\\services\\new-service.js": {"path":"C:\\Users\\Win\\Desktop\\css\\rss\\react-2021q3\\react-2021q3\\react-testing\\src\\services\\new-service.js","statementMap":{"0":{"start":{"line":5,"column":4},"end":{"line":5,"column":55}},"1":{"start":{"line":6,"column":4},"end":{"line":6,"column":53}},"2":{"start":{"line":11,"column":4},"end":{"line":22,"column":5}},"3":{"start":{"line":12,"column":23},"end":{"line":14,"column":6}},"4":{"start":{"line":16,"column":6},"end":{"line":18,"column":7}},"5":{"start":{"line":17,"column":8},"end":{"line":17,"column":76}},"6":{"start":{"line":20,"column":19},"end":{"line":20,"column":40}},"7":{"start":{"line":21,"column":6},"end":{"line":21,"column":18}},"8":{"start":{"line":23,"column":4},"end":{"line":23,"column":14}},"9":{"start":{"line":27,"column":21},"end":{"line":28,"column":87}},"10":{"start":{"line":30,"column":4},"end":{"line":32,"column":5}},"11":{"start":{"line":31,"column":6},"end":{"line":31,"column":74}},"12":{"start":{"line":34,"column":17},"end":{"line":34,"column":38}},"13":{"start":{"line":35,"column":4},"end":{"line":35,"column":16}}},"fnMap":{"0":{"name":"(anonymous_0)","decl":{"start":{"line":4,"column":2},"end":{"line":4,"column":3}},"loc":{"start":{"line":4,"column":16},"end":{"line":8,"column":3}},"line":4},"1":{"name":"(anonymous_1)","decl":{"start":{"line":10,"column":2},"end":{"line":10,"column":3}},"loc":{"start":{"line":10,"column":42},"end":{"line":24,"column":3}},"line":10},"2":{"name":"(anonymous_2)","decl":{"start":{"line":26,"column":2},"end":{"line":26,"column":3}},"loc":{"start":{"line":26,"column":33},"end":{"line":36,"column":3}},"line":26}},"branchMap":{"0":{"loc":{"start":{"line":11,"column":4},"end":{"line":22,"column":5}},"type":"if","locations":[{"start":{"line":11,"column":4},"end":{"line":22,"column":5}},{"start":{"line":11,"column":4},"end":{"line":22,"column":5}}],"line":11},"1":{"loc":{"start":{"line":16,"column":6},"end":{"line":18,"column":7}},"type":"if","locations":[{"start":{"line":16,"column":6},"end":{"line":18,"column":7}},{"start":{"line":16,"column":6},"end":{"line":18,"column":7}}],"line":16},"2":{"loc":{"start":{"line":30,"column":4},"end":{"line":32,"column":5}},"type":"if","locations":[{"start":{"line":30,"column":4},"end":{"line":32,"column":5}},{"start":{"line":30,"column":4},"end":{"line":32,"column":5}}],"line":30}},"s":{"0":0,"1":0,"2":0,"3":0,"4":0,"5":0,"6":0,"7":0,"8":0,"9":0,"10":0,"11":0,"12":0,"13":0},"f":{"0":0,"1":0,"2":0},"b":{"0":[0,0],"1":[0,0],"2":[0,0]},"_coverageSchema":"1a1c01bbd47fc00a2c39e90264f33305004495a9","hash":"80a30dba9aa767afe2be96397ce85ff90cef8cbd"}
,"C:\\Users\\Win\\Desktop\\css\\rss\\react-2021q3\\react-2021q3\\react-testing\\src\\store\\controlReducer.js": {"path":"C:\\Users\\Win\\Desktop\\css\\rss\\react-2021q3\\react-2021q3\\react-testing\\src\\store\\controlReducer.js","statementMap":{"0":{"start":{"line":1,"column":21},"end":{"line":7,"column":1}},"1":{"start":{"line":9,"column":20},"end":{"line":9,"column":33}},"2":{"start":{"line":10,"column":28},"end":{"line":10,"column":49}},"3":{"start":{"line":11,"column":29},"end":{"line":11,"column":51}},"4":{"start":{"line":12,"column":28},"end":{"line":12,"column":49}},"5":{"start":{"line":13,"column":31},"end":{"line":13,"column":55}},"6":{"start":{"line":15,"column":30},"end":{"line":35,"column":1}},"7":{"start":{"line":16,"column":2},"end":{"line":34,"column":3}},"8":{"start":{"line":18,"column":6},"end":{"line":18,"column":48}},"9":{"start":{"line":21,"column":6},"end":{"line":21,"column":48}},"10":{"start":{"line":24,"column":6},"end":{"line":24,"column":56}},"11":{"start":{"line":27,"column":6},"end":{"line":27,"column":55}},"12":{"start":{"line":30,"column":6},"end":{"line":30,"column":57}},"13":{"start":{"line":33,"column":6},"end":{"line":33,"column":19}},"14":{"start":{"line":37,"column":32},"end":{"line":40,"column":2}},"15":{"start":{"line":37,"column":46},"end":{"line":40,"column":1}},"16":{"start":{"line":42,"column":32},"end":{"line":45,"column":2}},"17":{"start":{"line":42,"column":46},"end":{"line":45,"column":1}},"18":{"start":{"line":47,"column":40},"end":{"line":50,"column":2}},"19":{"start":{"line":47,"column":54},"end":{"line":50,"column":1}},"20":{"start":{"line":52,"column":39},"end":{"line":55,"column":2}},"21":{"start":{"line":52,"column":53},"end":{"line":55,"column":1}},"22":{"start":{"line":57,"column":41},"end":{"line":60,"column":2}},"23":{"start":{"line":57,"column":55},"end":{"line":60,"column":1}}},"fnMap":{"0":{"name":"(anonymous_0)","decl":{"start":{"line":15,"column":30},"end":{"line":15,"column":31}},"loc":{"start":{"line":15,"column":64},"end":{"line":35,"column":1}},"line":15},"1":{"name":"(anonymous_1)","decl":{"start":{"line":37,"column":32},"end":{"line":37,"column":33}},"loc":{"start":{"line":37,"column":46},"end":{"line":40,"column":1}},"line":37},"2":{"name":"(anonymous_2)","decl":{"start":{"line":42,"column":32},"end":{"line":42,"column":33}},"loc":{"start":{"line":42,"column":46},"end":{"line":45,"column":1}},"line":42},"3":{"name":"(anonymous_3)","decl":{"start":{"line":47,"column":40},"end":{"line":47,"column":41}},"loc":{"start":{"line":47,"column":54},"end":{"line":50,"column":1}},"line":47},"4":{"name":"(anonymous_4)","decl":{"start":{"line":52,"column":39},"end":{"line":52,"column":40}},"loc":{"start":{"line":52,"column":53},"end":{"line":55,"column":1}},"line":52},"5":{"name":"(anonymous_5)","decl":{"start":{"line":57,"column":41},"end":{"line":57,"column":42}},"loc":{"start":{"line":57,"column":55},"end":{"line":60,"column":1}},"line":57}},"branchMap":{"0":{"loc":{"start":{"line":15,"column":31},"end":{"line":15,"column":51}},"type":"default-arg","locations":[{"start":{"line":15,"column":39},"end":{"line":15,"column":51}}],"line":15},"1":{"loc":{"start":{"line":16,"column":2},"end":{"line":34,"column":3}},"type":"switch","locations":[{"start":{"line":17,"column":4},"end":{"line":18,"column":48}},{"start":{"line":20,"column":4},"end":{"line":21,"column":48}},{"start":{"line":23,"column":4},"end":{"line":24,"column":56}},{"start":{"line":26,"column":4},"end":{"line":27,"column":55}},{"start":{"line":29,"column":4},"end":{"line":30,"column":57}},{"start":{"line":32,"column":4},"end":{"line":33,"column":19}}],"line":16}},"s":{"0":1,"1":1,"2":1,"3":1,"4":1,"5":1,"6":1,"7":3,"8":0,"9":0,"10":0,"11":0,"12":0,"13":3,"14":1,"15":0,"16":1,"17":0,"18":1,"19":0,"20":1,"21":0,"22":1,"23":0},"f":{"0":3,"1":0,"2":0,"3":0,"4":0,"5":0},"b":{"0":[3],"1":[0,0,0,0,0,3]},"_coverageSchema":"1a1c01bbd47fc00a2c39e90264f33305004495a9","hash":"f5799f5681f11662576f22a186e3f0dddfc57091"}
,"C:\\Users\\Win\\Desktop\\css\\rss\\react-2021q3\\react-2021q3\\react-testing\\src\\store\\detailsReducer.js": {"path":"C:\\Users\\Win\\Desktop\\css\\rss\\react-2021q3\\react-2021q3\\react-testing\\src\\store\\detailsReducer.js","statementMap":{"0":{"start":{"line":3,"column":21},"end":{"line":6,"column":1}},"1":{"start":{"line":8,"column":43},"end":{"line":8,"column":79}},"2":{"start":{"line":9,"column":31},"end":{"line":9,"column":55}},"3":{"start":{"line":11,"column":30},"end":{"line":22,"column":1}},"4":{"start":{"line":12,"column":2},"end":{"line":21,"column":3}},"5":{"start":{"line":14,"column":6},"end":{"line":14,"column":48}},"6":{"start":{"line":17,"column":6},"end":{"line":17,"column":51}},"7":{"start":{"line":20,"column":6},"end":{"line":20,"column":19}},"8":{"start":{"line":24,"column":39},"end":{"line":27,"column":2}},"9":{"start":{"line":24,"column":53},"end":{"line":27,"column":1}},"10":{"start":{"line":29,"column":42},"end":{"line":32,"column":2}},"11":{"start":{"line":29,"column":56},"end":{"line":32,"column":1}},"12":{"start":{"line":35,"column":15},"end":{"line":53,"column":3}},"13":{"start":{"line":36,"column":24},"end":{"line":36,"column":41}},"14":{"start":{"line":37,"column":4},"end":{"line":37,"column":47}},"15":{"start":{"line":38,"column":4},"end":{"line":52,"column":9}},"16":{"start":{"line":41,"column":8},"end":{"line":47,"column":9}},"17":{"start":{"line":42,"column":25},"end":{"line":42,"column":77}},"18":{"start":{"line":42,"column":63},"end":{"line":42,"column":76}},"19":{"start":{"line":43,"column":22},"end":{"line":45,"column":11}},"20":{"start":{"line":46,"column":10},"end":{"line":46,"column":49}},"21":{"start":{"line":49,"column":20},"end":{"line":49,"column":47}},"22":{"start":{"line":51,"column":8},"end":{"line":51,"column":52}},"23":{"start":{"line":54,"column":2},"end":{"line":54,"column":14}}},"fnMap":{"0":{"name":"(anonymous_0)","decl":{"start":{"line":11,"column":30},"end":{"line":11,"column":31}},"loc":{"start":{"line":11,"column":64},"end":{"line":22,"column":1}},"line":11},"1":{"name":"(anonymous_1)","decl":{"start":{"line":24,"column":39},"end":{"line":24,"column":40}},"loc":{"start":{"line":24,"column":53},"end":{"line":27,"column":1}},"line":24},"2":{"name":"(anonymous_2)","decl":{"start":{"line":29,"column":42},"end":{"line":29,"column":43}},"loc":{"start":{"line":29,"column":56},"end":{"line":32,"column":1}},"line":29},"3":{"name":"fetchDataForDetails","decl":{"start":{"line":34,"column":16},"end":{"line":34,"column":35}},"loc":{"start":{"line":34,"column":49},"end":{"line":55,"column":1}},"line":34},"4":{"name":"(anonymous_4)","decl":{"start":{"line":35,"column":15},"end":{"line":35,"column":16}},"loc":{"start":{"line":35,"column":29},"end":{"line":53,"column":3}},"line":35},"5":{"name":"(anonymous_5)","decl":{"start":{"line":40,"column":12},"end":{"line":40,"column":13}},"loc":{"start":{"line":40,"column":26},"end":{"line":48,"column":7}},"line":40},"6":{"name":"(anonymous_6)","decl":{"start":{"line":42,"column":48},"end":{"line":42,"column":49}},"loc":{"start":{"line":42,"column":63},"end":{"line":42,"column":76}},"line":42},"7":{"name":"(anonymous_7)","decl":{"start":{"line":49,"column":13},"end":{"line":49,"column":14}},"loc":{"start":{"line":49,"column":20},"end":{"line":49,"column":47}},"line":49},"8":{"name":"(anonymous_8)","decl":{"start":{"line":50,"column":15},"end":{"line":50,"column":16}},"loc":{"start":{"line":50,"column":21},"end":{"line":52,"column":7}},"line":50}},"branchMap":{"0":{"loc":{"start":{"line":11,"column":31},"end":{"line":11,"column":51}},"type":"default-arg","locations":[{"start":{"line":11,"column":39},"end":{"line":11,"column":51}}],"line":11},"1":{"loc":{"start":{"line":12,"column":2},"end":{"line":21,"column":3}},"type":"switch","locations":[{"start":{"line":13,"column":4},"end":{"line":14,"column":48}},{"start":{"line":16,"column":4},"end":{"line":17,"column":51}},{"start":{"line":19,"column":4},"end":{"line":20,"column":19}}],"line":12},"2":{"loc":{"start":{"line":41,"column":8},"end":{"line":47,"column":9}},"type":"if","locations":[{"start":{"line":41,"column":8},"end":{"line":47,"column":9}},{"start":{"line":41,"column":8},"end":{"line":47,"column":9}}],"line":41}},"s":{"0":1,"1":1,"2":1,"3":1,"4":3,"5":0,"6":0,"7":3,"8":1,"9":0,"10":1,"11":0,"12":0,"13":0,"14":0,"15":0,"16":0,"17":0,"18":0,"19":0,"20":0,"21":0,"22":0,"23":0},"f":{"0":3,"1":0,"2":0,"3":0,"4":0,"5":0,"6":0,"7":0,"8":0},"b":{"0":[3],"1":[0,0,3],"2":[0,0]},"_coverageSchema":"1a1c01bbd47fc00a2c39e90264f33305004495a9","hash":"d91e93cec709d0a24b1753be4bbc86069a072c1f"}
,"C:\\Users\\Win\\Desktop\\css\\rss\\react-2021q3\\react-2021q3\\react-testing\\src\\store\\homeReducer.js": {"path":"C:\\Users\\Win\\Desktop\\css\\rss\\react-2021q3\\react-2021q3\\react-testing\\src\\store\\homeReducer.js","statementMap":{"0":{"start":{"line":3,"column":21},"end":{"line":8,"column":1}},"1":{"start":{"line":10,"column":35},"end":{"line":10,"column":63}},"2":{"start":{"line":11,"column":28},"end":{"line":11,"column":49}},"3":{"start":{"line":12,"column":23},"end":{"line":12,"column":39}},"4":{"start":{"line":13,"column":21},"end":{"line":13,"column":35}},"5":{"start":{"line":15,"column":27},"end":{"line":32,"column":1}},"6":{"start":{"line":16,"column":2},"end":{"line":31,"column":3}},"7":{"start":{"line":18,"column":6},"end":{"line":18,"column":48}},"8":{"start":{"line":21,"column":6},"end":{"line":21,"column":56}},"9":{"start":{"line":24,"column":6},"end":{"line":24,"column":51}},"10":{"start":{"line":27,"column":6},"end":{"line":27,"column":49}},"11":{"start":{"line":30,"column":6},"end":{"line":30,"column":19}},"12":{"start":{"line":34,"column":32},"end":{"line":37,"column":2}},"13":{"start":{"line":34,"column":46},"end":{"line":37,"column":1}},"14":{"start":{"line":39,"column":40},"end":{"line":42,"column":2}},"15":{"start":{"line":39,"column":54},"end":{"line":42,"column":1}},"16":{"start":{"line":44,"column":35},"end":{"line":47,"column":2}},"17":{"start":{"line":44,"column":49},"end":{"line":47,"column":1}},"18":{"start":{"line":49,"column":33},"end":{"line":52,"column":2}},"19":{"start":{"line":49,"column":47},"end":{"line":52,"column":1}},"20":{"start":{"line":54,"column":32},"end":{"line":82,"column":1}},"21":{"start":{"line":55,"column":15},"end":{"line":80,"column":3}},"22":{"start":{"line":56,"column":24},"end":{"line":56,"column":41}},"23":{"start":{"line":57,"column":4},"end":{"line":79,"column":49}},"24":{"start":{"line":60,"column":8},"end":{"line":68,"column":9}},"25":{"start":{"line":61,"column":24},"end":{"line":63,"column":12}},"26":{"start":{"line":62,"column":12},"end":{"line":62,"column":68}},"27":{"start":{"line":64,"column":26},"end":{"line":66,"column":11}},"28":{"start":{"line":67,"column":10},"end":{"line":67,"column":46}},"29":{"start":{"line":69,"column":8},"end":{"line":69,"column":66}},"30":{"start":{"line":70,"column":8},"end":{"line":70,"column":79}},"31":{"start":{"line":70,"column":42},"end":{"line":70,"column":79}},"32":{"start":{"line":71,"column":8},"end":{"line":77,"column":9}},"33":{"start":{"line":72,"column":10},"end":{"line":76,"column":11}},"34":{"start":{"line":73,"column":12},"end":{"line":73,"column":46}},"35":{"start":{"line":75,"column":12},"end":{"line":75,"column":47}},"36":{"start":{"line":79,"column":20},"end":{"line":79,"column":47}},"37":{"start":{"line":81,"column":2},"end":{"line":81,"column":14}}},"fnMap":{"0":{"name":"(anonymous_0)","decl":{"start":{"line":15,"column":27},"end":{"line":15,"column":28}},"loc":{"start":{"line":15,"column":61},"end":{"line":32,"column":1}},"line":15},"1":{"name":"(anonymous_1)","decl":{"start":{"line":34,"column":32},"end":{"line":34,"column":33}},"loc":{"start":{"line":34,"column":46},"end":{"line":37,"column":1}},"line":34},"2":{"name":"(anonymous_2)","decl":{"start":{"line":39,"column":40},"end":{"line":39,"column":41}},"loc":{"start":{"line":39,"column":54},"end":{"line":42,"column":1}},"line":39},"3":{"name":"(anonymous_3)","decl":{"start":{"line":44,"column":35},"end":{"line":44,"column":36}},"loc":{"start":{"line":44,"column":49},"end":{"line":47,"column":1}},"line":44},"4":{"name":"(anonymous_4)","decl":{"start":{"line":49,"column":33},"end":{"line":49,"column":34}},"loc":{"start":{"line":49,"column":47},"end":{"line":52,"column":1}},"line":49},"5":{"name":"(anonymous_5)","decl":{"start":{"line":54,"column":32},"end":{"line":54,"column":33}},"loc":{"start":{"line":54,"column":76},"end":{"line":82,"column":1}},"line":54},"6":{"name":"(anonymous_6)","decl":{"start":{"line":55,"column":15},"end":{"line":55,"column":16}},"loc":{"start":{"line":55,"column":29},"end":{"line":80,"column":3}},"line":55},"7":{"name":"(anonymous_7)","decl":{"start":{"line":59,"column":12},"end":{"line":59,"column":13}},"loc":{"start":{"line":59,"column":26},"end":{"line":78,"column":7}},"line":59},"8":{"name":"(anonymous_8)","decl":{"start":{"line":61,"column":46},"end":{"line":61,"column":47}},"loc":{"start":{"line":61,"column":61},"end":{"line":63,"column":11}},"line":61},"9":{"name":"(anonymous_9)","decl":{"start":{"line":79,"column":13},"end":{"line":79,"column":14}},"loc":{"start":{"line":79,"column":20},"end":{"line":79,"column":47}},"line":79}},"branchMap":{"0":{"loc":{"start":{"line":15,"column":28},"end":{"line":15,"column":48}},"type":"default-arg","locations":[{"start":{"line":15,"column":36},"end":{"line":15,"column":48}}],"line":15},"1":{"loc":{"start":{"line":16,"column":2},"end":{"line":31,"column":3}},"type":"switch","locations":[{"start":{"line":17,"column":4},"end":{"line":18,"column":48}},{"start":{"line":20,"column":4},"end":{"line":21,"column":56}},{"start":{"line":23,"column":4},"end":{"line":24,"column":51}},{"start":{"line":26,"column":4},"end":{"line":27,"column":49}},{"start":{"line":29,"column":4},"end":{"line":30,"column":19}}],"line":16},"2":{"loc":{"start":{"line":60,"column":8},"end":{"line":68,"column":9}},"type":"if","locations":[{"start":{"line":60,"column":8},"end":{"line":68,"column":9}},{"start":{"line":60,"column":8},"end":{"line":68,"column":9}}],"line":60},"3":{"loc":{"start":{"line":70,"column":8},"end":{"line":70,"column":79}},"type":"if","locations":[{"start":{"line":70,"column":8},"end":{"line":70,"column":79}},{"start":{"line":70,"column":8},"end":{"line":70,"column":79}}],"line":70},"4":{"loc":{"start":{"line":71,"column":8},"end":{"line":77,"column":9}},"type":"if","locations":[{"start":{"line":71,"column":8},"end":{"line":77,"column":9}},{"start":{"line":71,"column":8},"end":{"line":77,"column":9}}],"line":71},"5":{"loc":{"start":{"line":72,"column":10},"end":{"line":76,"column":11}},"type":"if","locations":[{"start":{"line":72,"column":10},"end":{"line":76,"column":11}},{"start":{"line":72,"column":10},"end":{"line":76,"column":11}}],"line":72}},"s":{"0":1,"1":1,"2":1,"3":1,"4":1,"5":1,"6":3,"7":0,"8":0,"9":0,"10":0,"11":3,"12":1,"13":0,"14":1,"15":0,"16":1,"17":0,"18":1,"19":0,"20":1,"21":0,"22":0,"23":0,"24":0,"25":0,"26":0,"27":0,"28":0,"29":0,"30":0,"31":0,"32":0,"33":0,"34":0,"35":0,"36":0,"37":0},"f":{"0":3,"1":0,"2":0,"3":0,"4":0,"5":0,"6":0,"7":0,"8":0,"9":0},"b":{"0":[3],"1":[0,0,0,0,3],"2":[0,0],"3":[0,0],"4":[0,0],"5":[0,0]},"_coverageSchema":"1a1c01bbd47fc00a2c39e90264f33305004495a9","hash":"3b79651de0e86690bc2f8e96d7fce1fc25480cf4"}
,"C:\\Users\\Win\\Desktop\\css\\rss\\react-2021q3\\react-2021q3\\react-testing\\src\\store\\searchBarReducer.js": {"path":"C:\\Users\\Win\\Desktop\\css\\rss\\react-2021q3\\react-2021q3\\react-testing\\src\\store\\searchBarReducer.js","statementMap":{"0":{"start":{"line":1,"column":21},"end":{"line":5,"column":1}},"1":{"start":{"line":7,"column":31},"end":{"line":7,"column":55}},"2":{"start":{"line":8,"column":22},"end":{"line":8,"column":37}},"3":{"start":{"line":9,"column":38},"end":{"line":9,"column":69}},"4":{"start":{"line":11,"column":32},"end":{"line":25,"column":1}},"5":{"start":{"line":12,"column":2},"end":{"line":24,"column":3}},"6":{"start":{"line":14,"column":6},"end":{"line":14,"column":58}},"7":{"start":{"line":17,"column":6},"end":{"line":17,"column":56}},"8":{"start":{"line":20,"column":6},"end":{"line":20,"column":64}},"9":{"start":{"line":23,"column":6},"end":{"line":23,"column":19}},"10":{"start":{"line":27,"column":42},"end":{"line":30,"column":2}},"11":{"start":{"line":27,"column":56},"end":{"line":30,"column":1}},"12":{"start":{"line":32,"column":40},"end":{"line":35,"column":2}},"13":{"start":{"line":32,"column":54},"end":{"line":35,"column":1}},"14":{"start":{"line":37,"column":48},"end":{"line":40,"column":2}},"15":{"start":{"line":37,"column":62},"end":{"line":40,"column":1}}},"fnMap":{"0":{"name":"(anonymous_0)","decl":{"start":{"line":11,"column":32},"end":{"line":11,"column":33}},"loc":{"start":{"line":11,"column":66},"end":{"line":25,"column":1}},"line":11},"1":{"name":"(anonymous_1)","decl":{"start":{"line":27,"column":42},"end":{"line":27,"column":43}},"loc":{"start":{"line":27,"column":56},"end":{"line":30,"column":1}},"line":27},"2":{"name":"(anonymous_2)","decl":{"start":{"line":32,"column":40},"end":{"line":32,"column":41}},"loc":{"start":{"line":32,"column":54},"end":{"line":35,"column":1}},"line":32},"3":{"name":"(anonymous_3)","decl":{"start":{"line":37,"column":48},"end":{"line":37,"column":49}},"loc":{"start":{"line":37,"column":62},"end":{"line":40,"column":1}},"line":37}},"branchMap":{"0":{"loc":{"start":{"line":11,"column":33},"end":{"line":11,"column":53}},"type":"default-arg","locations":[{"start":{"line":11,"column":41},"end":{"line":11,"column":53}}],"line":11},"1":{"loc":{"start":{"line":12,"column":2},"end":{"line":24,"column":3}},"type":"switch","locations":[{"start":{"line":13,"column":4},"end":{"line":14,"column":58}},{"start":{"line":16,"column":4},"end":{"line":17,"column":56}},{"start":{"line":19,"column":4},"end":{"line":20,"column":64}},{"start":{"line":22,"column":4},"end":{"line":23,"column":19}}],"line":12}},"s":{"0":1,"1":1,"2":1,"3":1,"4":1,"5":3,"6":0,"7":0,"8":0,"9":3,"10":1,"11":0,"12":1,"13":0,"14":1,"15":0},"f":{"0":3,"1":0,"2":0,"3":0},"b":{"0":[3],"1":[0,0,0,3]},"_coverageSchema":"1a1c01bbd47fc00a2c39e90264f33305004495a9","hash":"577a8f586fedc32cf3cacdc1bd49149a908a77e2"}
,"C:\\Users\\Win\\Desktop\\css\\rss\\react-2021q3\\react-2021q3\\react-testing\\src\\store\\store.js": {"path":"C:\\Users\\Win\\Desktop\\css\\rss\\react-2021q3\\react-2021q3\\react-testing\\src\\store\\store.js","statementMap":{"0":{"start":{"line":9,"column":20},"end":{"line":14,"column":2}},"1":{"start":{"line":16,"column":14},"end":{"line":19,"column":1}}},"fnMap":{},"branchMap":{},"s":{"0":1,"1":1},"f":{},"b":{},"_coverageSchema":"1a1c01bbd47fc00a2c39e90264f33305004495a9","hash":"580ee836bd6b7ceae6511b53dcfd01383a5c774d"}
}
