{"C:\\Users\\Win\\Desktop\\css\\rss\\react-2021q3\\react-2021q3\\react-testing\\CSSStub.js": {"path":"C:\\Users\\Win\\Desktop\\css\\rss\\react-2021q3\\react-2021q3\\react-testing\\CSSStub.js","statementMap":{"0":{"start":{"line":1,"column":0},"end":{"line":1,"column":20}}},"fnMap":{},"branchMap":{},"s":{"0":10},"f":{},"b":{},"_coverageSchema":"1a1c01bbd47fc00a2c39e90264f33305004495a9","hash":"6aba3f4c5785605f0d219a6913bf960135f60f2a"}
,"C:\\Users\\Win\\Desktop\\css\\rss\\react-2021q3\\react-2021q3\\react-testing\\src\\components\\App\\App.jsx": {"path":"C:\\Users\\Win\\Desktop\\css\\rss\\react-2021q3\\react-2021q3\\react-testing\\src\\components\\App\\App.jsx","statementMap":{"0":{"start":{"line":7,"column":12},"end":{"line":17,"column":1}},"1":{"start":{"line":8,"column":2},"end":{"line":16,"column":4}}},"fnMap":{"0":{"name":"(anonymous_0)","decl":{"start":{"line":7,"column":12},"end":{"line":7,"column":13}},"loc":{"start":{"line":7,"column":18},"end":{"line":17,"column":1}},"line":7}},"branchMap":{},"s":{"0":1,"1":3},"f":{"0":3},"b":{},"_coverageSchema":"1a1c01bbd47fc00a2c39e90264f33305004495a9","hash":"7f58d0b165de2c40a0c0121ae33c1425786242cb"}
,"C:\\Users\\Win\\Desktop\\css\\rss\\react-2021q3\\react-2021q3\\react-testing\\src\\components\\AppRouter\\AppRouter.jsx": {"path":"C:\\Users\\Win\\Desktop\\css\\rss\\react-2021q3\\react-2021q3\\react-testing\\src\\components\\AppRouter\\AppRouter.jsx","statementMap":{"0":{"start":{"line":6,"column":31},"end":{"line":10,"column":1}},"1":{"start":{"line":7,"column":19},"end":{"line":7,"column":32}},"2":{"start":{"line":9,"column":2},"end":{"line":9,"column":71}},"3":{"start":{"line":12,"column":18},"end":{"line":30,"column":1}},"4":{"start":{"line":13,"column":19},"end":{"line":13,"column":32}},"5":{"start":{"line":15,"column":2},"end":{"line":29,"column":4}},"6":{"start":{"line":21,"column":14},"end":{"line":23,"column":22}},"7":{"start":{"line":22,"column":23},"end":{"line":22,"column":36}}},"fnMap":{"0":{"name":"(anonymous_0)","decl":{"start":{"line":6,"column":31},"end":{"line":6,"column":32}},"loc":{"start":{"line":6,"column":37},"end":{"line":10,"column":1}},"line":6},"1":{"name":"(anonymous_1)","decl":{"start":{"line":12,"column":18},"end":{"line":12,"column":19}},"loc":{"start":{"line":12,"column":24},"end":{"line":30,"column":1}},"line":12},"2":{"name":"(anonymous_2)","decl":{"start":{"line":20,"column":24},"end":{"line":20,"column":25}},"loc":{"start":{"line":21,"column":14},"end":{"line":23,"column":22}},"line":21},"3":{"name":"(anonymous_3)","decl":{"start":{"line":22,"column":17},"end":{"line":22,"column":18}},"loc":{"start":{"line":22,"column":23},"end":{"line":22,"column":36}},"line":22}},"branchMap":{},"s":{"0":2,"1":1,"2":1,"3":2,"4":7,"5":7,"6":28,"7":17},"f":{"0":1,"1":7,"2":28,"3":17},"b":{},"_coverageSchema":"1a1c01bbd47fc00a2c39e90264f33305004495a9","hash":"6dbc22c36b85c934e0d63f52eb333352a6fc92a0"}
,"C:\\Users\\Win\\Desktop\\css\\rss\\react-2021q3\\react-2021q3\\react-testing\\src\\components\\Card\\Card.jsx": {"path":"C:\\Users\\Win\\Desktop\\css\\rss\\react-2021q3\\react-2021q3\\react-testing\\src\\components\\Card\\Card.jsx","statementMap":{"0":{"start":{"line":6,"column":13},"end":{"line":38,"column":1}},"1":{"start":{"line":7,"column":12},"end":{"line":7,"column":64}},"2":{"start":{"line":7,"column":35},"end":{"line":7,"column":63}},"3":{"start":{"line":8,"column":15},"end":{"line":8,"column":54}},"4":{"start":{"line":8,"column":38},"end":{"line":8,"column":53}},"5":{"start":{"line":9,"column":23},"end":{"line":9,"column":27}},"6":{"start":{"line":10,"column":14},"end":{"line":10,"column":28}},"7":{"start":{"line":11,"column":19},"end":{"line":36,"column":4}},"8":{"start":{"line":12,"column":17},"end":{"line":12,"column":65}},"9":{"start":{"line":13,"column":4},"end":{"line":35,"column":6}},"10":{"start":{"line":37,"column":2},"end":{"line":37,"column":49}}},"fnMap":{"0":{"name":"(anonymous_0)","decl":{"start":{"line":6,"column":13},"end":{"line":6,"column":14}},"loc":{"start":{"line":6,"column":19},"end":{"line":38,"column":1}},"line":6},"1":{"name":"(anonymous_1)","decl":{"start":{"line":7,"column":24},"end":{"line":7,"column":25}},"loc":{"start":{"line":7,"column":35},"end":{"line":7,"column":63}},"line":7},"2":{"name":"(anonymous_2)","decl":{"start":{"line":8,"column":27},"end":{"line":8,"column":28}},"loc":{"start":{"line":8,"column":38},"end":{"line":8,"column":53}},"line":8},"3":{"name":"(anonymous_3)","decl":{"start":{"line":11,"column":27},"end":{"line":11,"column":28}},"loc":{"start":{"line":11,"column":37},"end":{"line":36,"column":3}},"line":11}},"branchMap":{"0":{"loc":{"start":{"line":10,"column":14},"end":{"line":10,"column":28}},"type":"binary-expr","locations":[{"start":{"line":10,"column":14},"end":{"line":10,"column":22}},{"start":{"line":10,"column":26},"end":{"line":10,"column":28}}],"line":10}},"s":{"0":4,"1":2,"2":4,"3":2,"4":4,"5":2,"6":2,"7":2,"8":0,"9":0,"10":2},"f":{"0":2,"1":4,"2":4,"3":0},"b":{"0":[2,2]},"_coverageSchema":"1a1c01bbd47fc00a2c39e90264f33305004495a9","hash":"91b9fdf813783930315125fd869e640facb7b45c"}
,"C:\\Users\\Win\\Desktop\\css\\rss\\react-2021q3\\react-2021q3\\react-testing\\src\\components\\DetailCard\\DetailCard.jsx": {"path":"C:\\Users\\Win\\Desktop\\css\\rss\\react-2021q3\\react-2021q3\\react-testing\\src\\components\\DetailCard\\DetailCard.jsx","statementMap":{"0":{"start":{"line":5,"column":19},"end":{"line":37,"column":1}},"1":{"start":{"line":6,"column":15},"end":{"line":6,"column":57}},"2":{"start":{"line":6,"column":38},"end":{"line":6,"column":56}},"3":{"start":{"line":7,"column":23},"end":{"line":7,"column":27}},"4":{"start":{"line":8,"column":14},"end":{"line":8,"column":28}},"5":{"start":{"line":9,"column":18},"end":{"line":35,"column":4}},"6":{"start":{"line":10,"column":17},"end":{"line":10,"column":65}},"7":{"start":{"line":11,"column":4},"end":{"line":34,"column":6}},"8":{"start":{"line":36,"column":2},"end":{"line":36,"column":62}}},"fnMap":{"0":{"name":"(anonymous_0)","decl":{"start":{"line":5,"column":19},"end":{"line":5,"column":20}},"loc":{"start":{"line":5,"column":25},"end":{"line":37,"column":1}},"line":5},"1":{"name":"(anonymous_1)","decl":{"start":{"line":6,"column":27},"end":{"line":6,"column":28}},"loc":{"start":{"line":6,"column":38},"end":{"line":6,"column":56}},"line":6},"2":{"name":"(anonymous_2)","decl":{"start":{"line":9,"column":26},"end":{"line":9,"column":27}},"loc":{"start":{"line":9,"column":36},"end":{"line":35,"column":3}},"line":9}},"branchMap":{"0":{"loc":{"start":{"line":8,"column":14},"end":{"line":8,"column":28}},"type":"binary-expr","locations":[{"start":{"line":8,"column":14},"end":{"line":8,"column":22}},{"start":{"line":8,"column":26},"end":{"line":8,"column":28}}],"line":8}},"s":{"0":4,"1":2,"2":4,"3":2,"4":2,"5":2,"6":0,"7":0,"8":2},"f":{"0":2,"1":4,"2":0},"b":{"0":[2,2]},"_coverageSchema":"1a1c01bbd47fc00a2c39e90264f33305004495a9","hash":"67edffd20406d2e08ef1944953c5109779d8f872"}
,"C:\\Users\\Win\\Desktop\\css\\rss\\react-2021q3\\react-2021q3\\react-testing\\src\\components\\Header\\Header.jsx": {"path":"C:\\Users\\Win\\Desktop\\css\\rss\\react-2021q3\\react-2021q3\\react-testing\\src\\components\\Header\\Header.jsx","statementMap":{"0":{"start":{"line":5,"column":15},"end":{"line":24,"column":1}},"1":{"start":{"line":6,"column":2},"end":{"line":23,"column":4}}},"fnMap":{"0":{"name":"(anonymous_0)","decl":{"start":{"line":5,"column":15},"end":{"line":5,"column":16}},"loc":{"start":{"line":5,"column":21},"end":{"line":24,"column":1}},"line":5}},"branchMap":{},"s":{"0":2,"1":4},"f":{"0":4},"b":{},"_coverageSchema":"1a1c01bbd47fc00a2c39e90264f33305004495a9","hash":"1a555573e1a107ad8abc9f5cfa1794051462da37"}
,"C:\\Users\\Win\\Desktop\\css\\rss\\react-2021q3\\react-2021q3\\react-testing\\src\\components\\Pagination\\Pagination.jsx": {"path":"C:\\Users\\Win\\Desktop\\css\\rss\\react-2021q3\\react-2021q3\\react-testing\\src\\components\\Pagination\\Pagination.jsx","statementMap":{"0":{"start":{"line":10,"column":24},"end":{"line":16,"column":1}},"1":{"start":{"line":11,"column":22},"end":{"line":11,"column":24}},"2":{"start":{"line":12,"column":2},"end":{"line":14,"column":3}},"3":{"start":{"line":12,"column":15},"end":{"line":12,"column":16}},"4":{"start":{"line":13,"column":4},"end":{"line":13,"column":51}},"5":{"start":{"line":15,"column":2},"end":{"line":15,"column":21}},"6":{"start":{"line":18,"column":38},"end":{"line":35,"column":1}},"7":{"start":{"line":20,"column":2},"end":{"line":33,"column":3}},"8":{"start":{"line":22,"column":6},"end":{"line":22,"column":30}},"9":{"start":{"line":23,"column":6},"end":{"line":23,"column":12}},"10":{"start":{"line":25,"column":6},"end":{"line":25,"column":30}},"11":{"start":{"line":26,"column":6},"end":{"line":26,"column":12}},"12":{"start":{"line":28,"column":6},"end":{"line":28,"column":30}},"13":{"start":{"line":29,"column":6},"end":{"line":29,"column":12}},"14":{"start":{"line":31,"column":6},"end":{"line":31,"column":30}},"15":{"start":{"line":32,"column":6},"end":{"line":32,"column":12}},"16":{"start":{"line":34,"column":2},"end":{"line":34,"column":29}},"17":{"start":{"line":37,"column":19},"end":{"line":176,"column":1}},"18":{"start":{"line":38,"column":15},"end":{"line":38,"column":57}},"19":{"start":{"line":38,"column":38},"end":{"line":38,"column":56}},"20":{"start":{"line":39,"column":14},"end":{"line":39,"column":64}},"21":{"start":{"line":39,"column":37},"end":{"line":39,"column":63}},"22":{"start":{"line":40,"column":16},"end":{"line":40,"column":63}},"23":{"start":{"line":40,"column":39},"end":{"line":40,"column":62}},"24":{"start":{"line":41,"column":14},"end":{"line":41,"column":63}},"25":{"start":{"line":41,"column":37},"end":{"line":41,"column":62}},"26":{"start":{"line":42,"column":19},"end":{"line":42,"column":32}},"27":{"start":{"line":43,"column":31},"end":{"line":43,"column":34}},"28":{"start":{"line":44,"column":19},"end":{"line":44,"column":78}},"29":{"start":{"line":45,"column":21},"end":{"line":45,"column":47}},"30":{"start":{"line":47,"column":19},"end":{"line":47,"column":32}},"31":{"start":{"line":48,"column":27},"end":{"line":48,"column":29}},"32":{"start":{"line":50,"column":2},"end":{"line":58,"column":3}},"33":{"start":{"line":51,"column":12},"end":{"line":51,"column":13}},"34":{"start":{"line":55,"column":4},"end":{"line":57,"column":6}},"35":{"start":{"line":60,"column":30},"end":{"line":62,"column":3}},"36":{"start":{"line":61,"column":4},"end":{"line":61,"column":52}},"37":{"start":{"line":64,"column":23},"end":{"line":93,"column":3}},"38":{"start":{"line":65,"column":21},"end":{"line":91,"column":5}},"39":{"start":{"line":66,"column":6},"end":{"line":89,"column":7}},"40":{"start":{"line":67,"column":24},"end":{"line":67,"column":33}},"41":{"start":{"line":68,"column":25},"end":{"line":72,"column":9}},"42":{"start":{"line":69,"column":23},"end":{"line":69,"column":36}},"43":{"start":{"line":70,"column":30},"end":{"line":70,"column":51}},"44":{"start":{"line":70,"column":45},"end":{"line":70,"column":50}},"45":{"start":{"line":71,"column":10},"end":{"line":71,"column":29}},"46":{"start":{"line":73,"column":8},"end":{"line":73,"column":57}},"47":{"start":{"line":74,"column":8},"end":{"line":87,"column":9}},"48":{"start":{"line":75,"column":24},"end":{"line":85,"column":11}},"49":{"start":{"line":76,"column":25},"end":{"line":76,"column":38}},"50":{"start":{"line":77,"column":23},"end":{"line":77,"column":60}},"51":{"start":{"line":78,"column":32},"end":{"line":83,"column":14}},"52":{"start":{"line":79,"column":14},"end":{"line":81,"column":15}},"53":{"start":{"line":80,"column":16},"end":{"line":80,"column":28}},"54":{"start":{"line":82,"column":14},"end":{"line":82,"column":27}},"55":{"start":{"line":84,"column":12},"end":{"line":84,"column":31}},"56":{"start":{"line":86,"column":10},"end":{"line":86,"column":56}},"57":{"start":{"line":88,"column":8},"end":{"line":88,"column":23}},"58":{"start":{"line":90,"column":6},"end":{"line":90,"column":18}},"59":{"start":{"line":92,"column":4},"end":{"line":92,"column":43}},"60":{"start":{"line":95,"column":23},"end":{"line":124,"column":3}},"61":{"start":{"line":96,"column":21},"end":{"line":122,"column":5}},"62":{"start":{"line":97,"column":6},"end":{"line":120,"column":7}},"63":{"start":{"line":98,"column":24},"end":{"line":98,"column":33}},"64":{"start":{"line":99,"column":25},"end":{"line":103,"column":9}},"65":{"start":{"line":100,"column":23},"end":{"line":100,"column":36}},"66":{"start":{"line":101,"column":30},"end":{"line":101,"column":51}},"67":{"start":{"line":101,"column":45},"end":{"line":101,"column":50}},"68":{"start":{"line":102,"column":10},"end":{"line":102,"column":29}},"69":{"start":{"line":104,"column":8},"end":{"line":104,"column":57}},"70":{"start":{"line":105,"column":8},"end":{"line":118,"column":9}},"71":{"start":{"line":106,"column":24},"end":{"line":116,"column":11}},"72":{"start":{"line":107,"column":25},"end":{"line":107,"column":38}},"73":{"start":{"line":108,"column":23},"end":{"line":108,"column":60}},"74":{"start":{"line":109,"column":32},"end":{"line":114,"column":14}},"75":{"start":{"line":110,"column":14},"end":{"line":112,"column":15}},"76":{"start":{"line":111,"column":16},"end":{"line":111,"column":28}},"77":{"start":{"line":113,"column":14},"end":{"line":113,"column":27}},"78":{"start":{"line":115,"column":12},"end":{"line":115,"column":31}},"79":{"start":{"line":117,"column":10},"end":{"line":117,"column":56}},"80":{"start":{"line":119,"column":8},"end":{"line":119,"column":23}},"81":{"start":{"line":121,"column":6},"end":{"line":121,"column":18}},"82":{"start":{"line":123,"column":4},"end":{"line":123,"column":43}},"83":{"start":{"line":126,"column":35},"end":{"line":136,"column":3}},"84":{"start":{"line":127,"column":27},"end":{"line":127,"column":68}},"85":{"start":{"line":128,"column":4},"end":{"line":135,"column":5}},"86":{"start":{"line":129,"column":6},"end":{"line":129,"column":57}},"87":{"start":{"line":131,"column":6},"end":{"line":133,"column":8}},"88":{"start":{"line":134,"column":6},"end":{"line":134,"column":57}},"89":{"start":{"line":138,"column":2},"end":{"line":175,"column":4}}},"fnMap":{"0":{"name":"(anonymous_0)","decl":{"start":{"line":10,"column":24},"end":{"line":10,"column":25}},"loc":{"start":{"line":10,"column":40},"end":{"line":16,"column":1}},"line":10},"1":{"name":"(anonymous_1)","decl":{"start":{"line":18,"column":38},"end":{"line":18,"column":39}},"loc":{"start":{"line":18,"column":71},"end":{"line":35,"column":1}},"line":18},"2":{"name":"(anonymous_2)","decl":{"start":{"line":37,"column":19},"end":{"line":37,"column":20}},"loc":{"start":{"line":37,"column":25},"end":{"line":176,"column":1}},"line":37},"3":{"name":"(anonymous_3)","decl":{"start":{"line":38,"column":27},"end":{"line":38,"column":28}},"loc":{"start":{"line":38,"column":38},"end":{"line":38,"column":56}},"line":38},"4":{"name":"(anonymous_4)","decl":{"start":{"line":39,"column":26},"end":{"line":39,"column":27}},"loc":{"start":{"line":39,"column":37},"end":{"line":39,"column":63}},"line":39},"5":{"name":"(anonymous_5)","decl":{"start":{"line":40,"column":28},"end":{"line":40,"column":29}},"loc":{"start":{"line":40,"column":39},"end":{"line":40,"column":62}},"line":40},"6":{"name":"(anonymous_6)","decl":{"start":{"line":41,"column":26},"end":{"line":41,"column":27}},"loc":{"start":{"line":41,"column":37},"end":{"line":41,"column":62}},"line":41},"7":{"name":"(anonymous_7)","decl":{"start":{"line":60,"column":30},"end":{"line":60,"column":31}},"loc":{"start":{"line":60,"column":41},"end":{"line":62,"column":3}},"line":60},"8":{"name":"(anonymous_8)","decl":{"start":{"line":64,"column":23},"end":{"line":64,"column":24}},"loc":{"start":{"line":64,"column":34},"end":{"line":93,"column":3}},"line":64},"9":{"name":"(anonymous_9)","decl":{"start":{"line":65,"column":21},"end":{"line":65,"column":22}},"loc":{"start":{"line":65,"column":27},"end":{"line":91,"column":5}},"line":65},"10":{"name":"(anonymous_10)","decl":{"start":{"line":68,"column":25},"end":{"line":68,"column":26}},"loc":{"start":{"line":68,"column":39},"end":{"line":72,"column":9}},"line":68},"11":{"name":"(anonymous_11)","decl":{"start":{"line":70,"column":39},"end":{"line":70,"column":40}},"loc":{"start":{"line":70,"column":45},"end":{"line":70,"column":50}},"line":70},"12":{"name":"(anonymous_12)","decl":{"start":{"line":75,"column":24},"end":{"line":75,"column":25}},"loc":{"start":{"line":75,"column":38},"end":{"line":85,"column":11}},"line":75},"13":{"name":"(anonymous_13)","decl":{"start":{"line":78,"column":41},"end":{"line":78,"column":42}},"loc":{"start":{"line":78,"column":58},"end":{"line":83,"column":13}},"line":78},"14":{"name":"(anonymous_14)","decl":{"start":{"line":95,"column":23},"end":{"line":95,"column":24}},"loc":{"start":{"line":95,"column":34},"end":{"line":124,"column":3}},"line":95},"15":{"name":"(anonymous_15)","decl":{"start":{"line":96,"column":21},"end":{"line":96,"column":22}},"loc":{"start":{"line":96,"column":27},"end":{"line":122,"column":5}},"line":96},"16":{"name":"(anonymous_16)","decl":{"start":{"line":99,"column":25},"end":{"line":99,"column":26}},"loc":{"start":{"line":99,"column":39},"end":{"line":103,"column":9}},"line":99},"17":{"name":"(anonymous_17)","decl":{"start":{"line":101,"column":39},"end":{"line":101,"column":40}},"loc":{"start":{"line":101,"column":45},"end":{"line":101,"column":50}},"line":101},"18":{"name":"(anonymous_18)","decl":{"start":{"line":106,"column":24},"end":{"line":106,"column":25}},"loc":{"start":{"line":106,"column":38},"end":{"line":116,"column":11}},"line":106},"19":{"name":"(anonymous_19)","decl":{"start":{"line":109,"column":41},"end":{"line":109,"column":42}},"loc":{"start":{"line":109,"column":58},"end":{"line":114,"column":13}},"line":109},"20":{"name":"(anonymous_20)","decl":{"start":{"line":126,"column":35},"end":{"line":126,"column":36}},"loc":{"start":{"line":126,"column":46},"end":{"line":136,"column":3}},"line":126}},"branchMap":{"0":{"loc":{"start":{"line":20,"column":2},"end":{"line":33,"column":3}},"type":"switch","locations":[{"start":{"line":21,"column":4},"end":{"line":23,"column":12}},{"start":{"line":24,"column":4},"end":{"line":26,"column":12}},{"start":{"line":27,"column":4},"end":{"line":29,"column":12}},{"start":{"line":30,"column":4},"end":{"line":32,"column":12}}],"line":20},"1":{"loc":{"start":{"line":44,"column":19},"end":{"line":44,"column":78}},"type":"cond-expr","locations":[{"start":{"line":44,"column":50},"end":{"line":44,"column":70}},{"start":{"line":44,"column":73},"end":{"line":44,"column":78}}],"line":44},"2":{"loc":{"start":{"line":66,"column":6},"end":{"line":89,"column":7}},"type":"if","locations":[{"start":{"line":66,"column":6},"end":{"line":89,"column":7}},{"start":{"line":66,"column":6},"end":{"line":89,"column":7}}],"line":66},"3":{"loc":{"start":{"line":74,"column":8},"end":{"line":87,"column":9}},"type":"if","locations":[{"start":{"line":74,"column":8},"end":{"line":87,"column":9}},{"start":{"line":74,"column":8},"end":{"line":87,"column":9}}],"line":74},"4":{"loc":{"start":{"line":79,"column":14},"end":{"line":81,"column":15}},"type":"if","locations":[{"start":{"line":79,"column":14},"end":{"line":81,"column":15}},{"start":{"line":79,"column":14},"end":{"line":81,"column":15}}],"line":79},"5":{"loc":{"start":{"line":97,"column":6},"end":{"line":120,"column":7}},"type":"if","locations":[{"start":{"line":97,"column":6},"end":{"line":120,"column":7}},{"start":{"line":97,"column":6},"end":{"line":120,"column":7}}],"line":97},"6":{"loc":{"start":{"line":105,"column":8},"end":{"line":118,"column":9}},"type":"if","locations":[{"start":{"line":105,"column":8},"end":{"line":118,"column":9}},{"start":{"line":105,"column":8},"end":{"line":118,"column":9}}],"line":105},"7":{"loc":{"start":{"line":110,"column":14},"end":{"line":112,"column":15}},"type":"if","locations":[{"start":{"line":110,"column":14},"end":{"line":112,"column":15}},{"start":{"line":110,"column":14},"end":{"line":112,"column":15}}],"line":110},"8":{"loc":{"start":{"line":128,"column":4},"end":{"line":135,"column":5}},"type":"if","locations":[{"start":{"line":128,"column":4},"end":{"line":135,"column":5}},{"start":{"line":128,"column":4},"end":{"line":135,"column":5}}],"line":128}},"s":{"0":4,"1":3,"2":3,"3":3,"4":5,"5":3,"6":4,"7":8,"8":1,"9":1,"10":1,"11":1,"12":1,"13":1,"14":5,"15":5,"16":8,"17":4,"18":2,"19":4,"20":2,"21":4,"22":2,"23":4,"24":2,"25":4,"26":2,"27":2,"28":2,"29":2,"30":2,"31":2,"32":2,"33":2,"34":2,"35":2,"36":0,"37":2,"38":0,"39":0,"40":0,"41":0,"42":0,"43":0,"44":0,"45":0,"46":0,"47":0,"48":0,"49":0,"50":0,"51":0,"52":0,"53":0,"54":0,"55":0,"56":0,"57":0,"58":0,"59":0,"60":2,"61":0,"62":0,"63":0,"64":0,"65":0,"66":0,"67":0,"68":0,"69":0,"70":0,"71":0,"72":0,"73":0,"74":0,"75":0,"76":0,"77":0,"78":0,"79":0,"80":0,"81":0,"82":0,"83":2,"84":0,"85":0,"86":0,"87":0,"88":0,"89":2},"f":{"0":3,"1":8,"2":2,"3":4,"4":4,"5":4,"6":4,"7":0,"8":0,"9":0,"10":0,"11":0,"12":0,"13":0,"14":0,"15":0,"16":0,"17":0,"18":0,"19":0,"20":0},"b":{"0":[1,1,1,5],"1":[0,2],"2":[0,0],"3":[0,0],"4":[0,0],"5":[0,0],"6":[0,0],"7":[0,0],"8":[0,0]},"_coverageSchema":"1a1c01bbd47fc00a2c39e90264f33305004495a9","hash":"ddb35b6a960f4a0a1a145f4113ea5ace5705fb42"}
,"C:\\Users\\Win\\Desktop\\css\\rss\\react-2021q3\\react-2021q3\\react-testing\\src\\components\\SearchBar\\SearchBar.jsx": {"path":"C:\\Users\\Win\\Desktop\\css\\rss\\react-2021q3\\react-2021q3\\react-testing\\src\\components\\SearchBar\\SearchBar.jsx","statementMap":{"0":{"start":{"line":11,"column":18},"end":{"line":56,"column":1}},"1":{"start":{"line":12,"column":19},"end":{"line":12,"column":32}},"2":{"start":{"line":13,"column":22},"end":{"line":13,"column":76}},"3":{"start":{"line":13,"column":45},"end":{"line":13,"column":75}},"4":{"start":{"line":14,"column":22},"end":{"line":16,"column":3}},"5":{"start":{"line":15,"column":15},"end":{"line":15,"column":51}},"6":{"start":{"line":18,"column":26},"end":{"line":25,"column":3}},"7":{"start":{"line":19,"column":4},"end":{"line":19,"column":27}},"8":{"start":{"line":20,"column":4},"end":{"line":24,"column":5}},"9":{"start":{"line":21,"column":6},"end":{"line":21,"column":54}},"10":{"start":{"line":22,"column":6},"end":{"line":22,"column":55}},"11":{"start":{"line":23,"column":6},"end":{"line":23,"column":42}},"12":{"start":{"line":27,"column":30},"end":{"line":30,"column":3}},"13":{"start":{"line":28,"column":4},"end":{"line":28,"column":61}},"14":{"start":{"line":29,"column":4},"end":{"line":29,"column":54}},"15":{"start":{"line":32,"column":2},"end":{"line":55,"column":4}}},"fnMap":{"0":{"name":"(anonymous_0)","decl":{"start":{"line":11,"column":18},"end":{"line":11,"column":19}},"loc":{"start":{"line":11,"column":24},"end":{"line":56,"column":1}},"line":11},"1":{"name":"(anonymous_1)","decl":{"start":{"line":13,"column":34},"end":{"line":13,"column":35}},"loc":{"start":{"line":13,"column":45},"end":{"line":13,"column":75}},"line":13},"2":{"name":"(anonymous_2)","decl":{"start":{"line":15,"column":4},"end":{"line":15,"column":5}},"loc":{"start":{"line":15,"column":15},"end":{"line":15,"column":51}},"line":15},"3":{"name":"(anonymous_3)","decl":{"start":{"line":18,"column":26},"end":{"line":18,"column":27}},"loc":{"start":{"line":18,"column":37},"end":{"line":25,"column":3}},"line":18},"4":{"name":"(anonymous_4)","decl":{"start":{"line":27,"column":30},"end":{"line":27,"column":31}},"loc":{"start":{"line":27,"column":41},"end":{"line":30,"column":3}},"line":27}},"branchMap":{"0":{"loc":{"start":{"line":20,"column":4},"end":{"line":24,"column":5}},"type":"if","locations":[{"start":{"line":20,"column":4},"end":{"line":24,"column":5}},{"start":{"line":20,"column":4},"end":{"line":24,"column":5}}],"line":20}},"s":{"0":4,"1":21,"2":21,"3":58,"4":21,"5":58,"6":21,"7":2,"8":2,"9":2,"10":2,"11":2,"12":21,"13":10,"14":10,"15":21},"f":{"0":21,"1":58,"2":58,"3":2,"4":10},"b":{"0":[2,0]},"_coverageSchema":"1a1c01bbd47fc00a2c39e90264f33305004495a9","hash":"4715acc6d497c2ba613a1ef25f5ef2670f413221"}
,"C:\\Users\\Win\\Desktop\\css\\rss\\react-2021q3\\react-2021q3\\react-testing\\src\\components\\Sort\\Sort.jsx": {"path":"C:\\Users\\Win\\Desktop\\css\\rss\\react-2021q3\\react-2021q3\\react-testing\\src\\components\\Sort\\Sort.jsx","statementMap":{"0":{"start":{"line":9,"column":13},"end":{"line":70,"column":1}},"1":{"start":{"line":10,"column":19},"end":{"line":10,"column":32}},"2":{"start":{"line":11,"column":20},"end":{"line":11,"column":71}},"3":{"start":{"line":11,"column":43},"end":{"line":11,"column":70}},"4":{"start":{"line":13,"column":21},"end":{"line":29,"column":3}},"5":{"start":{"line":14,"column":23},"end":{"line":14,"column":28}},"6":{"start":{"line":15,"column":25},"end":{"line":25,"column":5}},"7":{"start":{"line":16,"column":19},"end":{"line":16,"column":29}},"8":{"start":{"line":17,"column":26},"end":{"line":17,"column":47}},"9":{"start":{"line":17,"column":41},"end":{"line":17,"column":46}},"10":{"start":{"line":18,"column":23},"end":{"line":23,"column":8}},"11":{"start":{"line":19,"column":8},"end":{"line":21,"column":9}},"12":{"start":{"line":20,"column":10},"end":{"line":20,"column":22}},"13":{"start":{"line":22,"column":8},"end":{"line":22,"column":20}},"14":{"start":{"line":24,"column":6},"end":{"line":24,"column":22}},"15":{"start":{"line":26,"column":4},"end":{"line":26,"column":65}},"16":{"start":{"line":27,"column":4},"end":{"line":27,"column":42}},"17":{"start":{"line":28,"column":4},"end":{"line":28,"column":35}},"18":{"start":{"line":31,"column":22},"end":{"line":31,"column":50}},"19":{"start":{"line":31,"column":33},"end":{"line":31,"column":50}},"20":{"start":{"line":32,"column":25},"end":{"line":35,"column":3}},"21":{"start":{"line":33,"column":4},"end":{"line":33,"column":38}},"22":{"start":{"line":33,"column":31},"end":{"line":33,"column":38}},"23":{"start":{"line":34,"column":4},"end":{"line":34,"column":22}},"24":{"start":{"line":37,"column":2},"end":{"line":69,"column":4}}},"fnMap":{"0":{"name":"(anonymous_0)","decl":{"start":{"line":9,"column":13},"end":{"line":9,"column":14}},"loc":{"start":{"line":9,"column":19},"end":{"line":70,"column":1}},"line":9},"1":{"name":"(anonymous_1)","decl":{"start":{"line":11,"column":32},"end":{"line":11,"column":33}},"loc":{"start":{"line":11,"column":43},"end":{"line":11,"column":70}},"line":11},"2":{"name":"(anonymous_2)","decl":{"start":{"line":13,"column":21},"end":{"line":13,"column":22}},"loc":{"start":{"line":13,"column":32},"end":{"line":29,"column":3}},"line":13},"3":{"name":"(anonymous_3)","decl":{"start":{"line":15,"column":25},"end":{"line":15,"column":26}},"loc":{"start":{"line":15,"column":36},"end":{"line":25,"column":5}},"line":15},"4":{"name":"(anonymous_4)","decl":{"start":{"line":17,"column":35},"end":{"line":17,"column":36}},"loc":{"start":{"line":17,"column":41},"end":{"line":17,"column":46}},"line":17},"5":{"name":"(anonymous_5)","decl":{"start":{"line":18,"column":39},"end":{"line":18,"column":40}},"loc":{"start":{"line":18,"column":56},"end":{"line":23,"column":7}},"line":18},"6":{"name":"(anonymous_6)","decl":{"start":{"line":31,"column":22},"end":{"line":31,"column":23}},"loc":{"start":{"line":31,"column":33},"end":{"line":31,"column":50}},"line":31},"7":{"name":"(anonymous_7)","decl":{"start":{"line":32,"column":25},"end":{"line":32,"column":26}},"loc":{"start":{"line":32,"column":36},"end":{"line":35,"column":3}},"line":32}},"branchMap":{"0":{"loc":{"start":{"line":19,"column":8},"end":{"line":21,"column":9}},"type":"if","locations":[{"start":{"line":19,"column":8},"end":{"line":21,"column":9}},{"start":{"line":19,"column":8},"end":{"line":21,"column":9}}],"line":19},"1":{"loc":{"start":{"line":33,"column":4},"end":{"line":33,"column":38}},"type":"if","locations":[{"start":{"line":33,"column":4},"end":{"line":33,"column":38}},{"start":{"line":33,"column":4},"end":{"line":33,"column":38}}],"line":33},"2":{"loc":{"start":{"line":46,"column":33},"end":{"line":46,"column":61}},"type":"cond-expr","locations":[{"start":{"line":46,"column":48},"end":{"line":46,"column":56}},{"start":{"line":46,"column":59},"end":{"line":46,"column":61}}],"line":46},"3":{"loc":{"start":{"line":54,"column":33},"end":{"line":54,"column":61}},"type":"cond-expr","locations":[{"start":{"line":54,"column":48},"end":{"line":54,"column":56}},{"start":{"line":54,"column":59},"end":{"line":54,"column":61}}],"line":54},"4":{"loc":{"start":{"line":62,"column":33},"end":{"line":62,"column":61}},"type":"cond-expr","locations":[{"start":{"line":62,"column":48},"end":{"line":62,"column":56}},{"start":{"line":62,"column":59},"end":{"line":62,"column":61}}],"line":62}},"s":{"0":4,"1":7,"2":7,"3":19,"4":7,"5":5,"6":5,"7":5,"8":5,"9":15,"10":5,"11":15,"12":5,"13":10,"14":5,"15":5,"16":5,"17":5,"18":7,"19":4,"20":7,"21":2,"22":1,"23":1,"24":7},"f":{"0":7,"1":19,"2":5,"3":5,"4":15,"5":15,"6":4,"7":2},"b":{"0":[5,10],"1":[1,1],"2":[1,6],"3":[2,5],"4":[4,3]},"_coverageSchema":"1a1c01bbd47fc00a2c39e90264f33305004495a9","hash":"854871e11156e5f9206ed7a05bd484f5728cde82"}
,"C:\\Users\\Win\\Desktop\\css\\rss\\react-2021q3\\react-2021q3\\react-testing\\src\\components\\Spinner\\Spinner.jsx": {"path":"C:\\Users\\Win\\Desktop\\css\\rss\\react-2021q3\\react-2021q3\\react-testing\\src\\components\\Spinner\\Spinner.jsx","statementMap":{"0":{"start":{"line":4,"column":16},"end":{"line":17,"column":1}},"1":{"start":{"line":5,"column":2},"end":{"line":16,"column":4}}},"fnMap":{"0":{"name":"(anonymous_0)","decl":{"start":{"line":4,"column":16},"end":{"line":4,"column":17}},"loc":{"start":{"line":4,"column":22},"end":{"line":17,"column":1}},"line":4}},"branchMap":{},"s":{"0":5,"1":3},"f":{"0":3},"b":{},"_coverageSchema":"1a1c01bbd47fc00a2c39e90264f33305004495a9","hash":"9f78a5fc61b3b1225ff8040651c0d74c4db4ef1b"}
,"C:\\Users\\Win\\Desktop\\css\\rss\\react-2021q3\\react-2021q3\\react-testing\\src\\pages\\About\\About.jsx": {"path":"C:\\Users\\Win\\Desktop\\css\\rss\\react-2021q3\\react-2021q3\\react-testing\\src\\pages\\About\\About.jsx","statementMap":{"0":{"start":{"line":4,"column":14},"end":{"line":8,"column":1}},"1":{"start":{"line":5,"column":2},"end":{"line":7,"column":8}}},"fnMap":{"0":{"name":"(anonymous_0)","decl":{"start":{"line":4,"column":14},"end":{"line":4,"column":15}},"loc":{"start":{"line":5,"column":2},"end":{"line":7,"column":8}},"line":5}},"branchMap":{},"s":{"0":2,"1":2},"f":{"0":2},"b":{},"_coverageSchema":"1a1c01bbd47fc00a2c39e90264f33305004495a9","hash":"64b0c56d070de58d717b13406ec79870b2132bea"}
,"C:\\Users\\Win\\Desktop\\css\\rss\\react-2021q3\\react-2021q3\\react-testing\\src\\pages\\Details\\Details.jsx": {"path":"C:\\Users\\Win\\Desktop\\css\\rss\\react-2021q3\\react-2021q3\\react-testing\\src\\pages\\Details\\Details.jsx","statementMap":{"0":{"start":{"line":9,"column":16},"end":{"line":29,"column":1}},"1":{"start":{"line":10,"column":19},"end":{"line":10,"column":32}},"2":{"start":{"line":11,"column":15},"end":{"line":11,"column":57}},"3":{"start":{"line":11,"column":38},"end":{"line":11,"column":56}},"4":{"start":{"line":12,"column":15},"end":{"line":12,"column":57}},"5":{"start":{"line":12,"column":38},"end":{"line":12,"column":56}},"6":{"start":{"line":13,"column":18},"end":{"line":13,"column":63}},"7":{"start":{"line":13,"column":41},"end":{"line":13,"column":62}},"8":{"start":{"line":14,"column":21},"end":{"line":14,"column":34}},"9":{"start":{"line":15,"column":17},"end":{"line":15,"column":28}},"10":{"start":{"line":16,"column":16},"end":{"line":16,"column":41}},"11":{"start":{"line":18,"column":2},"end":{"line":20,"column":9}},"12":{"start":{"line":19,"column":4},"end":{"line":19,"column":47}},"13":{"start":{"line":22,"column":15},"end":{"line":22,"column":53}},"14":{"start":{"line":24,"column":2},"end":{"line":28,"column":4}}},"fnMap":{"0":{"name":"(anonymous_0)","decl":{"start":{"line":9,"column":16},"end":{"line":9,"column":17}},"loc":{"start":{"line":9,"column":22},"end":{"line":29,"column":1}},"line":9},"1":{"name":"(anonymous_1)","decl":{"start":{"line":11,"column":27},"end":{"line":11,"column":28}},"loc":{"start":{"line":11,"column":38},"end":{"line":11,"column":56}},"line":11},"2":{"name":"(anonymous_2)","decl":{"start":{"line":12,"column":27},"end":{"line":12,"column":28}},"loc":{"start":{"line":12,"column":38},"end":{"line":12,"column":56}},"line":12},"3":{"name":"(anonymous_3)","decl":{"start":{"line":13,"column":30},"end":{"line":13,"column":31}},"loc":{"start":{"line":13,"column":41},"end":{"line":13,"column":62}},"line":13},"4":{"name":"(anonymous_4)","decl":{"start":{"line":18,"column":12},"end":{"line":18,"column":13}},"loc":{"start":{"line":18,"column":18},"end":{"line":20,"column":3}},"line":18}},"branchMap":{"0":{"loc":{"start":{"line":22,"column":15},"end":{"line":22,"column":53}},"type":"cond-expr","locations":[{"start":{"line":22,"column":25},"end":{"line":22,"column":36}},{"start":{"line":22,"column":39},"end":{"line":22,"column":53}}],"line":22},"1":{"loc":{"start":{"line":26,"column":7},"end":{"line":26,"column":59}},"type":"cond-expr","locations":[{"start":{"line":26,"column":47},"end":{"line":26,"column":52}},{"start":{"line":26,"column":55},"end":{"line":26,"column":59}}],"line":26},"2":{"loc":{"start":{"line":26,"column":7},"end":{"line":26,"column":44}},"type":"binary-expr","locations":[{"start":{"line":26,"column":7},"end":{"line":26,"column":32}},{"start":{"line":26,"column":36},"end":{"line":26,"column":44}}],"line":26}},"s":{"0":3,"1":1,"2":1,"3":2,"4":1,"5":2,"6":1,"7":2,"8":1,"9":1,"10":1,"11":1,"12":0,"13":1,"14":1},"f":{"0":1,"1":2,"2":2,"3":2,"4":0},"b":{"0":[1,0],"1":[0,1],"2":[1,1]},"_coverageSchema":"1a1c01bbd47fc00a2c39e90264f33305004495a9","hash":"c0d653b32e626353d3b5ec36c5bc9567adc2d5bf"}
,"C:\\Users\\Win\\Desktop\\css\\rss\\react-2021q3\\react-2021q3\\react-testing\\src\\pages\\Home\\Home.jsx": {"path":"C:\\Users\\Win\\Desktop\\css\\rss\\react-2021q3\\react-2021q3\\react-testing\\src\\pages\\Home\\Home.jsx","statementMap":{"0":{"start":{"line":10,"column":13},"end":{"line":43,"column":1}},"1":{"start":{"line":11,"column":19},"end":{"line":11,"column":32}},"2":{"start":{"line":12,"column":15},"end":{"line":12,"column":57}},"3":{"start":{"line":12,"column":38},"end":{"line":12,"column":56}},"4":{"start":{"line":13,"column":23},"end":{"line":13,"column":75}},"5":{"start":{"line":13,"column":46},"end":{"line":13,"column":74}},"6":{"start":{"line":14,"column":23},"end":{"line":14,"column":73}},"7":{"start":{"line":14,"column":46},"end":{"line":14,"column":72}},"8":{"start":{"line":15,"column":15},"end":{"line":15,"column":57}},"9":{"start":{"line":15,"column":38},"end":{"line":15,"column":56}},"10":{"start":{"line":16,"column":15},"end":{"line":16,"column":54}},"11":{"start":{"line":16,"column":38},"end":{"line":16,"column":53}},"12":{"start":{"line":17,"column":18},"end":{"line":17,"column":60}},"13":{"start":{"line":17,"column":41},"end":{"line":17,"column":59}},"14":{"start":{"line":18,"column":16},"end":{"line":18,"column":56}},"15":{"start":{"line":18,"column":39},"end":{"line":18,"column":55}},"16":{"start":{"line":20,"column":2},"end":{"line":22,"column":63}},"17":{"start":{"line":21,"column":4},"end":{"line":21,"column":71}},"18":{"start":{"line":24,"column":15},"end":{"line":24,"column":47}},"19":{"start":{"line":26,"column":20},"end":{"line":32,"column":3}},"20":{"start":{"line":34,"column":26},"end":{"line":34,"column":56}},"21":{"start":{"line":35,"column":2},"end":{"line":42,"column":4}}},"fnMap":{"0":{"name":"(anonymous_0)","decl":{"start":{"line":10,"column":13},"end":{"line":10,"column":14}},"loc":{"start":{"line":10,"column":19},"end":{"line":43,"column":1}},"line":10},"1":{"name":"(anonymous_1)","decl":{"start":{"line":12,"column":27},"end":{"line":12,"column":28}},"loc":{"start":{"line":12,"column":38},"end":{"line":12,"column":56}},"line":12},"2":{"name":"(anonymous_2)","decl":{"start":{"line":13,"column":35},"end":{"line":13,"column":36}},"loc":{"start":{"line":13,"column":46},"end":{"line":13,"column":74}},"line":13},"3":{"name":"(anonymous_3)","decl":{"start":{"line":14,"column":35},"end":{"line":14,"column":36}},"loc":{"start":{"line":14,"column":46},"end":{"line":14,"column":72}},"line":14},"4":{"name":"(anonymous_4)","decl":{"start":{"line":15,"column":27},"end":{"line":15,"column":28}},"loc":{"start":{"line":15,"column":38},"end":{"line":15,"column":56}},"line":15},"5":{"name":"(anonymous_5)","decl":{"start":{"line":16,"column":27},"end":{"line":16,"column":28}},"loc":{"start":{"line":16,"column":38},"end":{"line":16,"column":53}},"line":16},"6":{"name":"(anonymous_6)","decl":{"start":{"line":17,"column":30},"end":{"line":17,"column":31}},"loc":{"start":{"line":17,"column":41},"end":{"line":17,"column":59}},"line":17},"7":{"name":"(anonymous_7)","decl":{"start":{"line":18,"column":28},"end":{"line":18,"column":29}},"loc":{"start":{"line":18,"column":39},"end":{"line":18,"column":55}},"line":18},"8":{"name":"(anonymous_8)","decl":{"start":{"line":20,"column":12},"end":{"line":20,"column":13}},"loc":{"start":{"line":20,"column":18},"end":{"line":22,"column":3}},"line":20}},"branchMap":{"0":{"loc":{"start":{"line":24,"column":15},"end":{"line":24,"column":47}},"type":"cond-expr","locations":[{"start":{"line":24,"column":25},"end":{"line":24,"column":36}},{"start":{"line":24,"column":39},"end":{"line":24,"column":47}}],"line":24},"1":{"loc":{"start":{"line":26,"column":20},"end":{"line":32,"column":3}},"type":"cond-expr","locations":[{"start":{"line":27,"column":4},"end":{"line":27,"column":12}},{"start":{"line":29,"column":4},"end":{"line":31,"column":8}}],"line":26},"2":{"loc":{"start":{"line":34,"column":26},"end":{"line":34,"column":56}},"type":"cond-expr","locations":[{"start":{"line":34,"column":34},"end":{"line":34,"column":48}},{"start":{"line":34,"column":51},"end":{"line":34,"column":56}}],"line":34},"3":{"loc":{"start":{"line":38,"column":7},"end":{"line":38,"column":62}},"type":"cond-expr","locations":[{"start":{"line":38,"column":45},"end":{"line":38,"column":50}},{"start":{"line":38,"column":53},"end":{"line":38,"column":62}}],"line":38},"4":{"loc":{"start":{"line":38,"column":7},"end":{"line":38,"column":42}},"type":"binary-expr","locations":[{"start":{"line":38,"column":7},"end":{"line":38,"column":32}},{"start":{"line":38,"column":36},"end":{"line":38,"column":42}}],"line":38},"5":{"loc":{"start":{"line":39,"column":7},"end":{"line":39,"column":59}},"type":"cond-expr","locations":[{"start":{"line":39,"column":47},"end":{"line":39,"column":52}},{"start":{"line":39,"column":55},"end":{"line":39,"column":59}}],"line":39},"6":{"loc":{"start":{"line":39,"column":7},"end":{"line":39,"column":44}},"type":"binary-expr","locations":[{"start":{"line":39,"column":7},"end":{"line":39,"column":32}},{"start":{"line":39,"column":36},"end":{"line":39,"column":44}}],"line":39},"7":{"loc":{"start":{"line":40,"column":7},"end":{"line":40,"column":68}},"type":"cond-expr","locations":[{"start":{"line":40,"column":45},"end":{"line":40,"column":50}},{"start":{"line":40,"column":53},"end":{"line":40,"column":68}}],"line":40},"8":{"loc":{"start":{"line":40,"column":7},"end":{"line":40,"column":42}},"type":"binary-expr","locations":[{"start":{"line":40,"column":7},"end":{"line":40,"column":32}},{"start":{"line":40,"column":36},"end":{"line":40,"column":42}}],"line":40}},"s":{"0":3,"1":7,"2":7,"3":16,"4":7,"5":16,"6":7,"7":16,"8":7,"9":16,"10":7,"11":16,"12":7,"13":16,"14":7,"15":16,"16":7,"17":3,"18":7,"19":7,"20":7,"21":7},"f":{"0":7,"1":16,"2":16,"3":16,"4":16,"5":16,"6":16,"7":16,"8":3},"b":{"0":[0,7],"1":[0,7],"2":[0,7],"3":[7,0],"4":[7,7],"5":[7,0],"6":[7,7],"7":[7,0],"8":[7,7]},"_coverageSchema":"1a1c01bbd47fc00a2c39e90264f33305004495a9","hash":"c7ba42c71afa33818bdb0ffa29ea0c2333b42a78"}
,"C:\\Users\\Win\\Desktop\\css\\rss\\react-2021q3\\react-2021q3\\react-testing\\src\\pages\\NotFound\\NotFound.jsx": {"path":"C:\\Users\\Win\\Desktop\\css\\rss\\react-2021q3\\react-2021q3\\react-testing\\src\\pages\\NotFound\\NotFound.jsx","statementMap":{"0":{"start":{"line":4,"column":17},"end":{"line":9,"column":1}},"1":{"start":{"line":5,"column":2},"end":{"line":8,"column":8}}},"fnMap":{"0":{"name":"(anonymous_0)","decl":{"start":{"line":4,"column":17},"end":{"line":4,"column":18}},"loc":{"start":{"line":5,"column":2},"end":{"line":8,"column":8}},"line":5}},"branchMap":{},"s":{"0":2,"1":9},"f":{"0":9},"b":{},"_coverageSchema":"1a1c01bbd47fc00a2c39e90264f33305004495a9","hash":"c90ab00c38571e6f9cba6f2881ca4bca552c12d8"}
,"C:\\Users\\Win\\Desktop\\css\\rss\\react-2021q3\\react-2021q3\\react-testing\\src\\router\\index.js": {"path":"C:\\Users\\Win\\Desktop\\css\\rss\\react-2021q3\\react-2021q3\\react-testing\\src\\router\\index.js","statementMap":{"0":{"start":{"line":6,"column":22},"end":{"line":11,"column":1}}},"fnMap":{},"branchMap":{},"s":{"0":2},"f":{},"b":{},"_coverageSchema":"1a1c01bbd47fc00a2c39e90264f33305004495a9","hash":"6fc3f7d961564fb89704ba61b1bc5acc956c9484"}
,"C:\\Users\\Win\\Desktop\\css\\rss\\react-2021q3\\react-2021q3\\react-testing\\src\\services\\new-service.js": {"path":"C:\\Users\\Win\\Desktop\\css\\rss\\react-2021q3\\react-2021q3\\react-testing\\src\\services\\new-service.js","statementMap":{"0":{"start":{"line":5,"column":4},"end":{"line":5,"column":55}},"1":{"start":{"line":6,"column":4},"end":{"line":6,"column":53}},"2":{"start":{"line":11,"column":4},"end":{"line":22,"column":5}},"3":{"start":{"line":12,"column":23},"end":{"line":14,"column":6}},"4":{"start":{"line":16,"column":6},"end":{"line":18,"column":7}},"5":{"start":{"line":17,"column":8},"end":{"line":17,"column":76}},"6":{"start":{"line":20,"column":19},"end":{"line":20,"column":40}},"7":{"start":{"line":21,"column":6},"end":{"line":21,"column":18}},"8":{"start":{"line":23,"column":4},"end":{"line":23,"column":14}},"9":{"start":{"line":27,"column":21},"end":{"line":28,"column":87}},"10":{"start":{"line":30,"column":4},"end":{"line":32,"column":5}},"11":{"start":{"line":31,"column":6},"end":{"line":31,"column":74}},"12":{"start":{"line":34,"column":17},"end":{"line":34,"column":38}},"13":{"start":{"line":35,"column":4},"end":{"line":35,"column":16}}},"fnMap":{"0":{"name":"(anonymous_0)","decl":{"start":{"line":4,"column":2},"end":{"line":4,"column":3}},"loc":{"start":{"line":4,"column":16},"end":{"line":8,"column":3}},"line":4},"1":{"name":"(anonymous_1)","decl":{"start":{"line":10,"column":2},"end":{"line":10,"column":3}},"loc":{"start":{"line":10,"column":42},"end":{"line":24,"column":3}},"line":10},"2":{"name":"(anonymous_2)","decl":{"start":{"line":26,"column":2},"end":{"line":26,"column":3}},"loc":{"start":{"line":26,"column":33},"end":{"line":36,"column":3}},"line":26}},"branchMap":{"0":{"loc":{"start":{"line":11,"column":4},"end":{"line":22,"column":5}},"type":"if","locations":[{"start":{"line":11,"column":4},"end":{"line":22,"column":5}},{"start":{"line":11,"column":4},"end":{"line":22,"column":5}}],"line":11},"1":{"loc":{"start":{"line":16,"column":6},"end":{"line":18,"column":7}},"type":"if","locations":[{"start":{"line":16,"column":6},"end":{"line":18,"column":7}},{"start":{"line":16,"column":6},"end":{"line":18,"column":7}}],"line":16},"2":{"loc":{"start":{"line":30,"column":4},"end":{"line":32,"column":5}},"type":"if","locations":[{"start":{"line":30,"column":4},"end":{"line":32,"column":5}},{"start":{"line":30,"column":4},"end":{"line":32,"column":5}}],"line":30}},"s":{"0":3,"1":3,"2":3,"3":0,"4":0,"5":0,"6":0,"7":0,"8":3,"9":0,"10":0,"11":0,"12":0,"13":0},"f":{"0":3,"1":3,"2":0},"b":{"0":[0,3],"1":[0,0],"2":[0,0]},"_coverageSchema":"1a1c01bbd47fc00a2c39e90264f33305004495a9","hash":"80a30dba9aa767afe2be96397ce85ff90cef8cbd"}
,"C:\\Users\\Win\\Desktop\\css\\rss\\react-2021q3\\react-2021q3\\react-testing\\src\\store\\controlReducer.js": {"path":"C:\\Users\\Win\\Desktop\\css\\rss\\react-2021q3\\react-2021q3\\react-testing\\src\\store\\controlReducer.js","statementMap":{"0":{"start":{"line":1,"column":28},"end":{"line":7,"column":1}},"1":{"start":{"line":9,"column":27},"end":{"line":9,"column":40}},"2":{"start":{"line":10,"column":35},"end":{"line":10,"column":56}},"3":{"start":{"line":11,"column":36},"end":{"line":11,"column":58}},"4":{"start":{"line":12,"column":35},"end":{"line":12,"column":56}},"5":{"start":{"line":13,"column":38},"end":{"line":13,"column":62}},"6":{"start":{"line":15,"column":30},"end":{"line":35,"column":1}},"7":{"start":{"line":16,"column":2},"end":{"line":34,"column":3}},"8":{"start":{"line":18,"column":6},"end":{"line":18,"column":48}},"9":{"start":{"line":21,"column":6},"end":{"line":21,"column":48}},"10":{"start":{"line":24,"column":6},"end":{"line":24,"column":56}},"11":{"start":{"line":27,"column":6},"end":{"line":27,"column":55}},"12":{"start":{"line":30,"column":6},"end":{"line":30,"column":57}},"13":{"start":{"line":33,"column":6},"end":{"line":33,"column":19}},"14":{"start":{"line":37,"column":32},"end":{"line":40,"column":2}},"15":{"start":{"line":37,"column":46},"end":{"line":40,"column":1}},"16":{"start":{"line":42,"column":32},"end":{"line":45,"column":2}},"17":{"start":{"line":42,"column":46},"end":{"line":45,"column":1}},"18":{"start":{"line":47,"column":40},"end":{"line":50,"column":2}},"19":{"start":{"line":47,"column":54},"end":{"line":50,"column":1}},"20":{"start":{"line":52,"column":39},"end":{"line":55,"column":2}},"21":{"start":{"line":52,"column":53},"end":{"line":55,"column":1}},"22":{"start":{"line":57,"column":41},"end":{"line":60,"column":2}},"23":{"start":{"line":57,"column":55},"end":{"line":60,"column":1}}},"fnMap":{"0":{"name":"(anonymous_0)","decl":{"start":{"line":15,"column":30},"end":{"line":15,"column":31}},"loc":{"start":{"line":15,"column":64},"end":{"line":35,"column":1}},"line":15},"1":{"name":"(anonymous_1)","decl":{"start":{"line":37,"column":32},"end":{"line":37,"column":33}},"loc":{"start":{"line":37,"column":46},"end":{"line":40,"column":1}},"line":37},"2":{"name":"(anonymous_2)","decl":{"start":{"line":42,"column":32},"end":{"line":42,"column":33}},"loc":{"start":{"line":42,"column":46},"end":{"line":45,"column":1}},"line":42},"3":{"name":"(anonymous_3)","decl":{"start":{"line":47,"column":40},"end":{"line":47,"column":41}},"loc":{"start":{"line":47,"column":54},"end":{"line":50,"column":1}},"line":47},"4":{"name":"(anonymous_4)","decl":{"start":{"line":52,"column":39},"end":{"line":52,"column":40}},"loc":{"start":{"line":52,"column":53},"end":{"line":55,"column":1}},"line":52},"5":{"name":"(anonymous_5)","decl":{"start":{"line":57,"column":41},"end":{"line":57,"column":42}},"loc":{"start":{"line":57,"column":55},"end":{"line":60,"column":1}},"line":57}},"branchMap":{"0":{"loc":{"start":{"line":15,"column":31},"end":{"line":15,"column":51}},"type":"default-arg","locations":[{"start":{"line":15,"column":39},"end":{"line":15,"column":51}}],"line":15},"1":{"loc":{"start":{"line":16,"column":2},"end":{"line":34,"column":3}},"type":"switch","locations":[{"start":{"line":17,"column":4},"end":{"line":18,"column":48}},{"start":{"line":20,"column":4},"end":{"line":21,"column":48}},{"start":{"line":23,"column":4},"end":{"line":24,"column":56}},{"start":{"line":26,"column":4},"end":{"line":27,"column":55}},{"start":{"line":29,"column":4},"end":{"line":30,"column":57}},{"start":{"line":32,"column":4},"end":{"line":33,"column":19}}],"line":16}},"s":{"0":11,"1":11,"2":11,"3":11,"4":11,"5":11,"6":11,"7":71,"8":6,"9":1,"10":1,"11":1,"12":6,"13":56,"14":11,"15":6,"16":11,"17":1,"18":11,"19":1,"20":11,"21":1,"22":11,"23":6},"f":{"0":71,"1":6,"2":1,"3":1,"4":1,"5":6},"b":{"0":[27],"1":[6,1,1,1,6,56]},"_coverageSchema":"1a1c01bbd47fc00a2c39e90264f33305004495a9","hash":"4beeb76bccb3bb95043cb4289648e775de794350"}
,"C:\\Users\\Win\\Desktop\\css\\rss\\react-2021q3\\react-2021q3\\react-testing\\src\\store\\detailsReducer.js": {"path":"C:\\Users\\Win\\Desktop\\css\\rss\\react-2021q3\\react-2021q3\\react-testing\\src\\store\\detailsReducer.js","statementMap":{"0":{"start":{"line":3,"column":28},"end":{"line":6,"column":1}},"1":{"start":{"line":9,"column":2},"end":{"line":9,"column":38}},"2":{"start":{"line":10,"column":38},"end":{"line":10,"column":62}},"3":{"start":{"line":12,"column":30},"end":{"line":23,"column":1}},"4":{"start":{"line":13,"column":2},"end":{"line":22,"column":3}},"5":{"start":{"line":15,"column":6},"end":{"line":15,"column":48}},"6":{"start":{"line":18,"column":6},"end":{"line":18,"column":51}},"7":{"start":{"line":21,"column":6},"end":{"line":21,"column":19}},"8":{"start":{"line":25,"column":39},"end":{"line":28,"column":2}},"9":{"start":{"line":25,"column":53},"end":{"line":28,"column":1}},"10":{"start":{"line":30,"column":42},"end":{"line":33,"column":2}},"11":{"start":{"line":30,"column":56},"end":{"line":33,"column":1}},"12":{"start":{"line":36,"column":15},"end":{"line":54,"column":3}},"13":{"start":{"line":37,"column":24},"end":{"line":37,"column":41}},"14":{"start":{"line":38,"column":4},"end":{"line":38,"column":47}},"15":{"start":{"line":39,"column":4},"end":{"line":53,"column":9}},"16":{"start":{"line":42,"column":8},"end":{"line":48,"column":9}},"17":{"start":{"line":43,"column":25},"end":{"line":43,"column":77}},"18":{"start":{"line":43,"column":63},"end":{"line":43,"column":76}},"19":{"start":{"line":44,"column":22},"end":{"line":46,"column":11}},"20":{"start":{"line":47,"column":10},"end":{"line":47,"column":49}},"21":{"start":{"line":50,"column":20},"end":{"line":50,"column":47}},"22":{"start":{"line":52,"column":8},"end":{"line":52,"column":52}},"23":{"start":{"line":55,"column":2},"end":{"line":55,"column":14}}},"fnMap":{"0":{"name":"(anonymous_0)","decl":{"start":{"line":12,"column":30},"end":{"line":12,"column":31}},"loc":{"start":{"line":12,"column":64},"end":{"line":23,"column":1}},"line":12},"1":{"name":"(anonymous_1)","decl":{"start":{"line":25,"column":39},"end":{"line":25,"column":40}},"loc":{"start":{"line":25,"column":53},"end":{"line":28,"column":1}},"line":25},"2":{"name":"(anonymous_2)","decl":{"start":{"line":30,"column":42},"end":{"line":30,"column":43}},"loc":{"start":{"line":30,"column":56},"end":{"line":33,"column":1}},"line":30},"3":{"name":"fetchDataForDetails","decl":{"start":{"line":35,"column":16},"end":{"line":35,"column":35}},"loc":{"start":{"line":35,"column":49},"end":{"line":56,"column":1}},"line":35},"4":{"name":"(anonymous_4)","decl":{"start":{"line":36,"column":15},"end":{"line":36,"column":16}},"loc":{"start":{"line":36,"column":29},"end":{"line":54,"column":3}},"line":36},"5":{"name":"(anonymous_5)","decl":{"start":{"line":41,"column":12},"end":{"line":41,"column":13}},"loc":{"start":{"line":41,"column":26},"end":{"line":49,"column":7}},"line":41},"6":{"name":"(anonymous_6)","decl":{"start":{"line":43,"column":48},"end":{"line":43,"column":49}},"loc":{"start":{"line":43,"column":63},"end":{"line":43,"column":76}},"line":43},"7":{"name":"(anonymous_7)","decl":{"start":{"line":50,"column":13},"end":{"line":50,"column":14}},"loc":{"start":{"line":50,"column":20},"end":{"line":50,"column":47}},"line":50},"8":{"name":"(anonymous_8)","decl":{"start":{"line":51,"column":15},"end":{"line":51,"column":16}},"loc":{"start":{"line":51,"column":21},"end":{"line":53,"column":7}},"line":51}},"branchMap":{"0":{"loc":{"start":{"line":12,"column":31},"end":{"line":12,"column":51}},"type":"default-arg","locations":[{"start":{"line":12,"column":39},"end":{"line":12,"column":51}}],"line":12},"1":{"loc":{"start":{"line":13,"column":2},"end":{"line":22,"column":3}},"type":"switch","locations":[{"start":{"line":14,"column":4},"end":{"line":15,"column":48}},{"start":{"line":17,"column":4},"end":{"line":18,"column":51}},{"start":{"line":20,"column":4},"end":{"line":21,"column":19}}],"line":13},"2":{"loc":{"start":{"line":42,"column":8},"end":{"line":48,"column":9}},"type":"if","locations":[{"start":{"line":42,"column":8},"end":{"line":48,"column":9}},{"start":{"line":42,"column":8},"end":{"line":48,"column":9}}],"line":42}},"s":{"0":11,"1":11,"2":11,"3":11,"4":68,"5":1,"6":1,"7":66,"8":11,"9":1,"10":11,"11":1,"12":0,"13":0,"14":0,"15":0,"16":0,"17":0,"18":0,"19":0,"20":0,"21":0,"22":0,"23":0},"f":{"0":68,"1":1,"2":1,"3":0,"4":0,"5":0,"6":0,"7":0,"8":0},"b":{"0":[27],"1":[1,1,66],"2":[0,0]},"_coverageSchema":"1a1c01bbd47fc00a2c39e90264f33305004495a9","hash":"abe04c430ecccff5ed6ddb67274bbb7e753cfdd6"}
,"C:\\Users\\Win\\Desktop\\css\\rss\\react-2021q3\\react-2021q3\\react-testing\\src\\store\\homeReducer.js": {"path":"C:\\Users\\Win\\Desktop\\css\\rss\\react-2021q3\\react-2021q3\\react-testing\\src\\store\\homeReducer.js","statementMap":{"0":{"start":{"line":3,"column":28},"end":{"line":8,"column":1}},"1":{"start":{"line":10,"column":42},"end":{"line":10,"column":70}},"2":{"start":{"line":11,"column":35},"end":{"line":11,"column":56}},"3":{"start":{"line":12,"column":30},"end":{"line":12,"column":46}},"4":{"start":{"line":13,"column":28},"end":{"line":13,"column":42}},"5":{"start":{"line":15,"column":27},"end":{"line":32,"column":1}},"6":{"start":{"line":16,"column":2},"end":{"line":31,"column":3}},"7":{"start":{"line":18,"column":6},"end":{"line":18,"column":48}},"8":{"start":{"line":21,"column":6},"end":{"line":21,"column":56}},"9":{"start":{"line":24,"column":6},"end":{"line":24,"column":51}},"10":{"start":{"line":27,"column":6},"end":{"line":27,"column":49}},"11":{"start":{"line":30,"column":6},"end":{"line":30,"column":19}},"12":{"start":{"line":34,"column":32},"end":{"line":37,"column":2}},"13":{"start":{"line":34,"column":46},"end":{"line":37,"column":1}},"14":{"start":{"line":39,"column":40},"end":{"line":42,"column":2}},"15":{"start":{"line":39,"column":54},"end":{"line":42,"column":1}},"16":{"start":{"line":44,"column":35},"end":{"line":47,"column":2}},"17":{"start":{"line":44,"column":49},"end":{"line":47,"column":1}},"18":{"start":{"line":49,"column":33},"end":{"line":52,"column":2}},"19":{"start":{"line":49,"column":47},"end":{"line":52,"column":1}},"20":{"start":{"line":54,"column":32},"end":{"line":82,"column":1}},"21":{"start":{"line":55,"column":15},"end":{"line":80,"column":3}},"22":{"start":{"line":56,"column":24},"end":{"line":56,"column":41}},"23":{"start":{"line":57,"column":4},"end":{"line":79,"column":49}},"24":{"start":{"line":60,"column":8},"end":{"line":68,"column":9}},"25":{"start":{"line":61,"column":24},"end":{"line":63,"column":12}},"26":{"start":{"line":62,"column":12},"end":{"line":62,"column":68}},"27":{"start":{"line":64,"column":26},"end":{"line":66,"column":11}},"28":{"start":{"line":67,"column":10},"end":{"line":67,"column":46}},"29":{"start":{"line":69,"column":8},"end":{"line":69,"column":66}},"30":{"start":{"line":70,"column":8},"end":{"line":70,"column":79}},"31":{"start":{"line":70,"column":42},"end":{"line":70,"column":79}},"32":{"start":{"line":71,"column":8},"end":{"line":77,"column":9}},"33":{"start":{"line":72,"column":10},"end":{"line":76,"column":11}},"34":{"start":{"line":73,"column":12},"end":{"line":73,"column":46}},"35":{"start":{"line":75,"column":12},"end":{"line":75,"column":47}},"36":{"start":{"line":79,"column":20},"end":{"line":79,"column":47}},"37":{"start":{"line":81,"column":2},"end":{"line":81,"column":14}}},"fnMap":{"0":{"name":"(anonymous_0)","decl":{"start":{"line":15,"column":27},"end":{"line":15,"column":28}},"loc":{"start":{"line":15,"column":61},"end":{"line":32,"column":1}},"line":15},"1":{"name":"(anonymous_1)","decl":{"start":{"line":34,"column":32},"end":{"line":34,"column":33}},"loc":{"start":{"line":34,"column":46},"end":{"line":37,"column":1}},"line":34},"2":{"name":"(anonymous_2)","decl":{"start":{"line":39,"column":40},"end":{"line":39,"column":41}},"loc":{"start":{"line":39,"column":54},"end":{"line":42,"column":1}},"line":39},"3":{"name":"(anonymous_3)","decl":{"start":{"line":44,"column":35},"end":{"line":44,"column":36}},"loc":{"start":{"line":44,"column":49},"end":{"line":47,"column":1}},"line":44},"4":{"name":"(anonymous_4)","decl":{"start":{"line":49,"column":33},"end":{"line":49,"column":34}},"loc":{"start":{"line":49,"column":47},"end":{"line":52,"column":1}},"line":49},"5":{"name":"(anonymous_5)","decl":{"start":{"line":54,"column":32},"end":{"line":54,"column":33}},"loc":{"start":{"line":54,"column":76},"end":{"line":82,"column":1}},"line":54},"6":{"name":"(anonymous_6)","decl":{"start":{"line":55,"column":15},"end":{"line":55,"column":16}},"loc":{"start":{"line":55,"column":29},"end":{"line":80,"column":3}},"line":55},"7":{"name":"(anonymous_7)","decl":{"start":{"line":59,"column":12},"end":{"line":59,"column":13}},"loc":{"start":{"line":59,"column":26},"end":{"line":78,"column":7}},"line":59},"8":{"name":"(anonymous_8)","decl":{"start":{"line":61,"column":46},"end":{"line":61,"column":47}},"loc":{"start":{"line":61,"column":61},"end":{"line":63,"column":11}},"line":61},"9":{"name":"(anonymous_9)","decl":{"start":{"line":79,"column":13},"end":{"line":79,"column":14}},"loc":{"start":{"line":79,"column":20},"end":{"line":79,"column":47}},"line":79}},"branchMap":{"0":{"loc":{"start":{"line":15,"column":28},"end":{"line":15,"column":48}},"type":"default-arg","locations":[{"start":{"line":15,"column":36},"end":{"line":15,"column":48}}],"line":15},"1":{"loc":{"start":{"line":16,"column":2},"end":{"line":31,"column":3}},"type":"switch","locations":[{"start":{"line":17,"column":4},"end":{"line":18,"column":48}},{"start":{"line":20,"column":4},"end":{"line":21,"column":56}},{"start":{"line":23,"column":4},"end":{"line":24,"column":51}},{"start":{"line":26,"column":4},"end":{"line":27,"column":49}},{"start":{"line":29,"column":4},"end":{"line":30,"column":19}}],"line":16},"2":{"loc":{"start":{"line":60,"column":8},"end":{"line":68,"column":9}},"type":"if","locations":[{"start":{"line":60,"column":8},"end":{"line":68,"column":9}},{"start":{"line":60,"column":8},"end":{"line":68,"column":9}}],"line":60},"3":{"loc":{"start":{"line":70,"column":8},"end":{"line":70,"column":79}},"type":"if","locations":[{"start":{"line":70,"column":8},"end":{"line":70,"column":79}},{"start":{"line":70,"column":8},"end":{"line":70,"column":79}}],"line":70},"4":{"loc":{"start":{"line":71,"column":8},"end":{"line":77,"column":9}},"type":"if","locations":[{"start":{"line":71,"column":8},"end":{"line":77,"column":9}},{"start":{"line":71,"column":8},"end":{"line":77,"column":9}}],"line":71},"5":{"loc":{"start":{"line":72,"column":10},"end":{"line":76,"column":11}},"type":"if","locations":[{"start":{"line":72,"column":10},"end":{"line":76,"column":11}},{"start":{"line":72,"column":10},"end":{"line":76,"column":11}}],"line":72}},"s":{"0":11,"1":11,"2":11,"3":11,"4":11,"5":11,"6":70,"7":1,"8":4,"9":3,"10":1,"11":61,"12":11,"13":1,"14":11,"15":4,"16":11,"17":3,"18":11,"19":1,"20":11,"21":3,"22":3,"23":3,"24":3,"25":0,"26":0,"27":0,"28":0,"29":3,"30":3,"31":0,"32":3,"33":0,"34":0,"35":0,"36":0,"37":3},"f":{"0":70,"1":1,"2":4,"3":3,"4":1,"5":3,"6":3,"7":3,"8":0,"9":0},"b":{"0":[27],"1":[1,4,3,1,61],"2":[0,3],"3":[0,3],"4":[0,3],"5":[0,0]},"_coverageSchema":"1a1c01bbd47fc00a2c39e90264f33305004495a9","hash":"5f63f6fa8f35856671c2607399b0c878079f9276"}
,"C:\\Users\\Win\\Desktop\\css\\rss\\react-2021q3\\react-2021q3\\react-testing\\src\\store\\searchBarReducer.js": {"path":"C:\\Users\\Win\\Desktop\\css\\rss\\react-2021q3\\react-2021q3\\react-testing\\src\\store\\searchBarReducer.js","statementMap":{"0":{"start":{"line":1,"column":28},"end":{"line":5,"column":1}},"1":{"start":{"line":7,"column":38},"end":{"line":7,"column":62}},"2":{"start":{"line":8,"column":29},"end":{"line":8,"column":44}},"3":{"start":{"line":9,"column":45},"end":{"line":9,"column":76}},"4":{"start":{"line":11,"column":32},"end":{"line":25,"column":1}},"5":{"start":{"line":12,"column":2},"end":{"line":24,"column":3}},"6":{"start":{"line":14,"column":6},"end":{"line":14,"column":58}},"7":{"start":{"line":17,"column":6},"end":{"line":17,"column":56}},"8":{"start":{"line":20,"column":6},"end":{"line":20,"column":64}},"9":{"start":{"line":23,"column":6},"end":{"line":23,"column":19}},"10":{"start":{"line":27,"column":42},"end":{"line":30,"column":2}},"11":{"start":{"line":27,"column":56},"end":{"line":30,"column":1}},"12":{"start":{"line":32,"column":40},"end":{"line":35,"column":2}},"13":{"start":{"line":32,"column":54},"end":{"line":35,"column":1}},"14":{"start":{"line":37,"column":48},"end":{"line":40,"column":2}},"15":{"start":{"line":37,"column":62},"end":{"line":40,"column":1}}},"fnMap":{"0":{"name":"(anonymous_0)","decl":{"start":{"line":11,"column":32},"end":{"line":11,"column":33}},"loc":{"start":{"line":11,"column":66},"end":{"line":25,"column":1}},"line":11},"1":{"name":"(anonymous_1)","decl":{"start":{"line":27,"column":42},"end":{"line":27,"column":43}},"loc":{"start":{"line":27,"column":56},"end":{"line":30,"column":1}},"line":27},"2":{"name":"(anonymous_2)","decl":{"start":{"line":32,"column":40},"end":{"line":32,"column":41}},"loc":{"start":{"line":32,"column":54},"end":{"line":35,"column":1}},"line":32},"3":{"name":"(anonymous_3)","decl":{"start":{"line":37,"column":48},"end":{"line":37,"column":49}},"loc":{"start":{"line":37,"column":62},"end":{"line":40,"column":1}},"line":37}},"branchMap":{"0":{"loc":{"start":{"line":11,"column":33},"end":{"line":11,"column":53}},"type":"default-arg","locations":[{"start":{"line":11,"column":41},"end":{"line":11,"column":53}}],"line":11},"1":{"loc":{"start":{"line":12,"column":2},"end":{"line":24,"column":3}},"type":"switch","locations":[{"start":{"line":13,"column":4},"end":{"line":14,"column":58}},{"start":{"line":16,"column":4},"end":{"line":17,"column":56}},{"start":{"line":19,"column":4},"end":{"line":20,"column":64}},{"start":{"line":22,"column":4},"end":{"line":23,"column":19}}],"line":12}},"s":{"0":11,"1":11,"2":11,"3":11,"4":11,"5":69,"6":11,"7":3,"8":13,"9":42,"10":11,"11":11,"12":11,"13":3,"14":11,"15":13},"f":{"0":69,"1":11,"2":3,"3":13},"b":{"0":[27],"1":[11,3,13,42]},"_coverageSchema":"1a1c01bbd47fc00a2c39e90264f33305004495a9","hash":"53532c50fe9ca40f7473248c85f9c6e14a950d1b"}
,"C:\\Users\\Win\\Desktop\\css\\rss\\react-2021q3\\react-2021q3\\react-testing\\src\\store\\store.js": {"path":"C:\\Users\\Win\\Desktop\\css\\rss\\react-2021q3\\react-2021q3\\react-testing\\src\\store\\store.js","statementMap":{"0":{"start":{"line":9,"column":20},"end":{"line":14,"column":2}},"1":{"start":{"line":16,"column":14},"end":{"line":19,"column":1}}},"fnMap":{},"branchMap":{},"s":{"0":9,"1":9},"f":{},"b":{},"_coverageSchema":"1a1c01bbd47fc00a2c39e90264f33305004495a9","hash":"580ee836bd6b7ceae6511b53dcfd01383a5c774d"}
}
