TN:
SF:CSSStub.js
FNF:0
FNH:0
DA:1,10
LF:1
LH:1
BRF:0
BRH:0
end_of_record
TN:
SF:src\components\App\App.jsx
FN:7,(anonymous_0)
FNF:1
FNH:1
FNDA:3,(anonymous_0)
DA:7,1
DA:8,3
LF:2
LH:2
BRF:0
BRH:0
end_of_record
TN:
SF:src\components\AppRouter\AppRouter.jsx
FN:6,(anonymous_0)
FN:12,(anonymous_1)
FN:20,(anonymous_2)
FN:22,(anonymous_3)
FNF:4
FNH:4
FNDA:1,(anonymous_0)
FNDA:7,(anonymous_1)
FNDA:28,(anonymous_2)
FNDA:17,(anonymous_3)
DA:6,2
DA:7,1
DA:9,1
DA:12,2
DA:13,7
DA:15,7
DA:21,28
DA:22,17
LF:8
LH:8
BRF:0
BRH:0
end_of_record
TN:
SF:src\components\Card\Card.jsx
FN:6,(anonymous_0)
FN:7,(anonymous_1)
FN:8,(anonymous_2)
FN:11,(anonymous_3)
FNF:4
FNH:3
FNDA:2,(anonymous_0)
FNDA:4,(anonymous_1)
FNDA:4,(anonymous_2)
FNDA:0,(anonymous_3)
DA:6,4
DA:7,4
DA:8,4
DA:9,2
DA:10,2
DA:11,2
DA:12,0
DA:13,0
DA:37,2
LF:9
LH:7
BRDA:10,0,0,2
BRDA:10,0,1,2
BRF:2
BRH:2
end_of_record
TN:
SF:src\components\DetailCard\DetailCard.jsx
FN:5,(anonymous_0)
FN:6,(anonymous_1)
FN:9,(anonymous_2)
FNF:3
FNH:2
FNDA:2,(anonymous_0)
FNDA:4,(anonymous_1)
FNDA:0,(anonymous_2)
DA:5,4
DA:6,4
DA:7,2
DA:8,2
DA:9,2
DA:10,0
DA:11,0
DA:36,2
LF:8
LH:6
BRDA:8,0,0,2
BRDA:8,0,1,2
BRF:2
BRH:2
end_of_record
TN:
SF:src\components\Header\Header.jsx
FN:5,(anonymous_0)
FNF:1
FNH:1
FNDA:4,(anonymous_0)
DA:5,2
DA:6,4
LF:2
LH:2
BRF:0
BRH:0
end_of_record
TN:
SF:src\components\Pagination\Pagination.jsx
FN:10,(anonymous_0)
FN:18,(anonymous_1)
FN:37,(anonymous_2)
FN:38,(anonymous_3)
FN:39,(anonymous_4)
FN:40,(anonymous_5)
FN:41,(anonymous_6)
FN:60,(anonymous_7)
FN:64,(anonymous_8)
FN:65,(anonymous_9)
FN:68,(anonymous_10)
FN:70,(anonymous_11)
FN:75,(anonymous_12)
FN:78,(anonymous_13)
FN:95,(anonymous_14)
FN:96,(anonymous_15)
FN:99,(anonymous_16)
FN:101,(anonymous_17)
FN:106,(anonymous_18)
FN:109,(anonymous_19)
FN:126,(anonymous_20)
FNF:21
FNH:7
FNDA:3,(anonymous_0)
FNDA:8,(anonymous_1)
FNDA:2,(anonymous_2)
FNDA:4,(anonymous_3)
FNDA:4,(anonymous_4)
FNDA:4,(anonymous_5)
FNDA:4,(anonymous_6)
FNDA:0,(anonymous_7)
FNDA:0,(anonymous_8)
FNDA:0,(anonymous_9)
FNDA:0,(anonymous_10)
FNDA:0,(anonymous_11)
FNDA:0,(anonymous_12)
FNDA:0,(anonymous_13)
FNDA:0,(anonymous_14)
FNDA:0,(anonymous_15)
FNDA:0,(anonymous_16)
FNDA:0,(anonymous_17)
FNDA:0,(anonymous_18)
FNDA:0,(anonymous_19)
FNDA:0,(anonymous_20)
DA:10,4
DA:11,3
DA:12,3
DA:13,5
DA:15,3
DA:18,4
DA:20,8
DA:22,1
DA:23,1
DA:25,1
DA:26,1
DA:28,1
DA:29,1
DA:31,5
DA:32,5
DA:34,8
DA:37,4
DA:38,4
DA:39,4
DA:40,4
DA:41,4
DA:42,2
DA:43,2
DA:44,2
DA:45,2
DA:47,2
DA:48,2
DA:50,2
DA:51,2
DA:55,2
DA:60,2
DA:61,0
DA:64,2
DA:65,0
DA:66,0
DA:67,0
DA:68,0
DA:69,0
DA:70,0
DA:71,0
DA:73,0
DA:74,0
DA:75,0
DA:76,0
DA:77,0
DA:78,0
DA:79,0
DA:80,0
DA:82,0
DA:84,0
DA:86,0
DA:88,0
DA:90,0
DA:92,0
DA:95,2
DA:96,0
DA:97,0
DA:98,0
DA:99,0
DA:100,0
DA:101,0
DA:102,0
DA:104,0
DA:105,0
DA:106,0
DA:107,0
DA:108,0
DA:109,0
DA:110,0
DA:111,0
DA:113,0
DA:115,0
DA:117,0
DA:119,0
DA:121,0
DA:123,0
DA:126,2
DA:127,0
DA:128,0
DA:129,0
DA:131,0
DA:134,0
DA:138,2
LF:83
LH:35
BRDA:20,0,0,1
BRDA:20,0,1,1
BRDA:20,0,2,1
BRDA:20,0,3,5
BRDA:44,1,0,0
BRDA:44,1,1,2
BRDA:66,2,0,0
BRDA:66,2,1,0
BRDA:74,3,0,0
BRDA:74,3,1,0
BRDA:79,4,0,0
BRDA:79,4,1,0
BRDA:97,5,0,0
BRDA:97,5,1,0
BRDA:105,6,0,0
BRDA:105,6,1,0
BRDA:110,7,0,0
BRDA:110,7,1,0
BRDA:128,8,0,0
BRDA:128,8,1,0
BRF:20
BRH:5
end_of_record
TN:
SF:src\components\SearchBar\SearchBar.jsx
FN:11,(anonymous_0)
FN:13,(anonymous_1)
FN:15,(anonymous_2)
FN:18,(anonymous_3)
FN:27,(anonymous_4)
FNF:5
FNH:5
FNDA:21,(anonymous_0)
FNDA:58,(anonymous_1)
FNDA:58,(anonymous_2)
FNDA:2,(anonymous_3)
FNDA:10,(anonymous_4)
DA:11,4
DA:12,21
DA:13,58
DA:14,21
DA:15,58
DA:18,21
DA:19,2
DA:20,2
DA:21,2
DA:22,2
DA:23,2
DA:27,21
DA:28,10
DA:29,10
DA:32,21
LF:15
LH:15
BRDA:20,0,0,2
BRDA:20,0,1,0
BRF:2
BRH:1
end_of_record
TN:
SF:src\components\Sort\Sort.jsx
FN:9,(anonymous_0)
FN:11,(anonymous_1)
FN:13,(anonymous_2)
FN:15,(anonymous_3)
FN:17,(anonymous_4)
FN:18,(anonymous_5)
FN:31,(anonymous_6)
FN:32,(anonymous_7)
FNF:8
FNH:8
FNDA:7,(anonymous_0)
FNDA:19,(anonymous_1)
FNDA:5,(anonymous_2)
FNDA:5,(anonymous_3)
FNDA:15,(anonymous_4)
FNDA:15,(anonymous_5)
FNDA:4,(anonymous_6)
FNDA:2,(anonymous_7)
DA:9,4
DA:10,7
DA:11,19
DA:13,7
DA:14,5
DA:15,5
DA:16,5
DA:17,15
DA:18,5
DA:19,15
DA:20,5
DA:22,10
DA:24,5
DA:26,5
DA:27,5
DA:28,5
DA:31,7
DA:32,7
DA:33,2
DA:34,1
DA:37,7
LF:21
LH:21
BRDA:19,0,0,5
BRDA:19,0,1,10
BRDA:33,1,0,1
BRDA:33,1,1,1
BRDA:46,2,0,1
BRDA:46,2,1,6
BRDA:54,3,0,2
BRDA:54,3,1,5
BRDA:62,4,0,4
BRDA:62,4,1,3
BRF:10
BRH:10
end_of_record
TN:
SF:src\components\Spinner\Spinner.jsx
FN:4,(anonymous_0)
FNF:1
FNH:1
FNDA:3,(anonymous_0)
DA:4,5
DA:5,3
LF:2
LH:2
BRF:0
BRH:0
end_of_record
TN:
SF:src\pages\About\About.jsx
FN:4,(anonymous_0)
FNF:1
FNH:1
FNDA:2,(anonymous_0)
DA:4,2
DA:5,2
LF:2
LH:2
BRF:0
BRH:0
end_of_record
TN:
SF:src\pages\Details\Details.jsx
FN:9,(anonymous_0)
FN:11,(anonymous_1)
FN:12,(anonymous_2)
FN:13,(anonymous_3)
FN:18,(anonymous_4)
FNF:5
FNH:4
FNDA:1,(anonymous_0)
FNDA:2,(anonymous_1)
FNDA:2,(anonymous_2)
FNDA:2,(anonymous_3)
FNDA:0,(anonymous_4)
DA:9,3
DA:10,1
DA:11,2
DA:12,2
DA:13,2
DA:14,1
DA:15,1
DA:16,1
DA:18,1
DA:19,0
DA:22,1
DA:24,1
LF:12
LH:11
BRDA:22,0,0,1
BRDA:22,0,1,0
BRDA:26,1,0,0
BRDA:26,1,1,1
BRDA:26,2,0,1
BRDA:26,2,1,1
BRF:6
BRH:4
end_of_record
TN:
SF:src\pages\Home\Home.jsx
FN:10,(anonymous_0)
FN:12,(anonymous_1)
FN:13,(anonymous_2)
FN:14,(anonymous_3)
FN:15,(anonymous_4)
FN:16,(anonymous_5)
FN:17,(anonymous_6)
FN:18,(anonymous_7)
FN:20,(anonymous_8)
FNF:9
FNH:9
FNDA:7,(anonymous_0)
FNDA:16,(anonymous_1)
FNDA:16,(anonymous_2)
FNDA:16,(anonymous_3)
FNDA:16,(anonymous_4)
FNDA:16,(anonymous_5)
FNDA:16,(anonymous_6)
FNDA:16,(anonymous_7)
FNDA:3,(anonymous_8)
DA:10,3
DA:11,7
DA:12,16
DA:13,16
DA:14,16
DA:15,16
DA:16,16
DA:17,16
DA:18,16
DA:20,7
DA:21,3
DA:24,7
DA:26,7
DA:34,7
DA:35,7
LF:15
LH:15
BRDA:24,0,0,0
BRDA:24,0,1,7
BRDA:26,1,0,0
BRDA:26,1,1,7
BRDA:34,2,0,0
BRDA:34,2,1,7
BRDA:38,3,0,7
BRDA:38,3,1,0
BRDA:38,4,0,7
BRDA:38,4,1,7
BRDA:39,5,0,7
BRDA:39,5,1,0
BRDA:39,6,0,7
BRDA:39,6,1,7
BRDA:40,7,0,7
BRDA:40,7,1,0
BRDA:40,8,0,7
BRDA:40,8,1,7
BRF:18
BRH:12
end_of_record
TN:
SF:src\pages\NotFound\NotFound.jsx
FN:4,(anonymous_0)
FNF:1
FNH:1
FNDA:9,(anonymous_0)
DA:4,2
DA:5,9
LF:2
LH:2
BRF:0
BRH:0
end_of_record
TN:
SF:src\router\index.js
FNF:0
FNH:0
DA:6,2
LF:1
LH:1
BRF:0
BRH:0
end_of_record
TN:
SF:src\services\new-service.js
FN:4,(anonymous_0)
FN:10,(anonymous_1)
FN:26,(anonymous_2)
FNF:3
FNH:2
FNDA:3,(anonymous_0)
FNDA:3,(anonymous_1)
FNDA:0,(anonymous_2)
DA:5,3
DA:6,3
DA:11,3
DA:12,0
DA:16,0
DA:17,0
DA:20,0
DA:21,0
DA:23,3
DA:27,0
DA:30,0
DA:31,0
DA:34,0
DA:35,0
LF:14
LH:4
BRDA:11,0,0,0
BRDA:11,0,1,3
BRDA:16,1,0,0
BRDA:16,1,1,0
BRDA:30,2,0,0
BRDA:30,2,1,0
BRF:6
BRH:1
end_of_record
TN:
SF:src\store\controlReducer.js
FN:15,(anonymous_0)
FN:37,(anonymous_1)
FN:42,(anonymous_2)
FN:47,(anonymous_3)
FN:52,(anonymous_4)
FN:57,(anonymous_5)
FNF:6
FNH:6
FNDA:71,(anonymous_0)
FNDA:6,(anonymous_1)
FNDA:1,(anonymous_2)
FNDA:1,(anonymous_3)
FNDA:1,(anonymous_4)
FNDA:6,(anonymous_5)
DA:1,11
DA:9,11
DA:10,11
DA:11,11
DA:12,11
DA:13,11
DA:15,11
DA:16,71
DA:18,6
DA:21,1
DA:24,1
DA:27,1
DA:30,6
DA:33,56
DA:37,11
DA:42,11
DA:47,11
DA:52,11
DA:57,11
LF:19
LH:19
BRDA:15,0,0,27
BRDA:16,1,0,6
BRDA:16,1,1,1
BRDA:16,1,2,1
BRDA:16,1,3,1
BRDA:16,1,4,6
BRDA:16,1,5,56
BRF:7
BRH:7
end_of_record
TN:
SF:src\store\detailsReducer.js
FN:12,(anonymous_0)
FN:25,(anonymous_1)
FN:30,(anonymous_2)
FN:35,fetchDataForDetails
FN:36,(anonymous_4)
FN:41,(anonymous_5)
FN:43,(anonymous_6)
FN:50,(anonymous_7)
FN:51,(anonymous_8)
FNF:9
FNH:3
FNDA:68,(anonymous_0)
FNDA:1,(anonymous_1)
FNDA:1,(anonymous_2)
FNDA:0,fetchDataForDetails
FNDA:0,(anonymous_4)
FNDA:0,(anonymous_5)
FNDA:0,(anonymous_6)
FNDA:0,(anonymous_7)
FNDA:0,(anonymous_8)
DA:3,11
DA:9,11
DA:10,11
DA:12,11
DA:13,68
DA:15,1
DA:18,1
DA:21,66
DA:25,11
DA:30,11
DA:36,0
DA:37,0
DA:38,0
DA:39,0
DA:42,0
DA:43,0
DA:44,0
DA:47,0
DA:50,0
DA:52,0
DA:55,0
LF:21
LH:10
BRDA:12,0,0,27
BRDA:13,1,0,1
BRDA:13,1,1,1
BRDA:13,1,2,66
BRDA:42,2,0,0
BRDA:42,2,1,0
BRF:6
BRH:4
end_of_record
TN:
SF:src\store\homeReducer.js
FN:15,(anonymous_0)
FN:34,(anonymous_1)
FN:39,(anonymous_2)
FN:44,(anonymous_3)
FN:49,(anonymous_4)
FN:54,(anonymous_5)
FN:55,(anonymous_6)
FN:59,(anonymous_7)
FN:61,(anonymous_8)
FN:79,(anonymous_9)
FNF:10
FNH:8
FNDA:70,(anonymous_0)
FNDA:1,(anonymous_1)
FNDA:4,(anonymous_2)
FNDA:3,(anonymous_3)
FNDA:1,(anonymous_4)
FNDA:3,(anonymous_5)
FNDA:3,(anonymous_6)
FNDA:3,(anonymous_7)
FNDA:0,(anonymous_8)
FNDA:0,(anonymous_9)
DA:3,11
DA:10,11
DA:11,11
DA:12,11
DA:13,11
DA:15,11
DA:16,70
DA:18,1
DA:21,4
DA:24,3
DA:27,1
DA:30,61
DA:34,11
DA:39,11
DA:44,11
DA:49,11
DA:54,11
DA:55,3
DA:56,3
DA:57,3
DA:60,3
DA:61,0
DA:62,0
DA:64,0
DA:67,0
DA:69,3
DA:70,3
DA:71,3
DA:72,0
DA:73,0
DA:75,0
DA:79,0
DA:81,3
LF:33
LH:25
BRDA:15,0,0,27
BRDA:16,1,0,1
BRDA:16,1,1,4
BRDA:16,1,2,3
BRDA:16,1,3,1
BRDA:16,1,4,61
BRDA:60,2,0,0
BRDA:60,2,1,3
BRDA:70,3,0,0
BRDA:70,3,1,3
BRDA:71,4,0,0
BRDA:71,4,1,3
BRDA:72,5,0,0
BRDA:72,5,1,0
BRF:14
BRH:9
end_of_record
TN:
SF:src\store\searchBarReducer.js
FN:11,(anonymous_0)
FN:27,(anonymous_1)
FN:32,(anonymous_2)
FN:37,(anonymous_3)
FNF:4
FNH:4
FNDA:69,(anonymous_0)
FNDA:11,(anonymous_1)
FNDA:3,(anonymous_2)
FNDA:13,(anonymous_3)
DA:1,11
DA:7,11
DA:8,11
DA:9,11
DA:11,11
DA:12,69
DA:14,11
DA:17,3
DA:20,13
DA:23,42
DA:27,11
DA:32,11
DA:37,13
LF:13
LH:13
BRDA:11,0,0,27
BRDA:12,1,0,11
BRDA:12,1,1,3
BRDA:12,1,2,13
BRDA:12,1,3,42
BRF:5
BRH:5
end_of_record
TN:
SF:src\store\store.js
FNF:0
FNH:0
DA:9,9
DA:16,9
LF:2
LH:2
BRF:0
BRH:0
end_of_record
